2018-05-31 14:26:40.278  [http-nio-8088-exec-8] DEBUG [com.webwangbao.house.biz.mapper.HouseMapper.selectPageHouses:] http-nio-8088-exec-8cid - ==>  Preparing: select a.id, a.type, a.name, a.price, a.images, a.area, a.beds, a.baths, a.rating, a.remarks, a.properties, a.floor_plan, a.tags, a.create_time, a.city_id, a.community_id, a.address, a.state from house a WHERE state = 1 and a.id = ? order by a.create_time desc limit ?,? 
2018-05-31 14:26:40.278  [http-nio-8088-exec-8] DEBUG [com.webwangbao.house.biz.mapper.HouseMapper.selectPageHouses:] http-nio-8088-exec-8cid - ==> Parameters: 62(Long), 0(Integer), 1(Integer)
2018-05-31 14:26:40.278  [http-nio-8088-exec-8] DEBUG [com.webwangbao.house.biz.mapper.HouseMapper.selectPageHouses:] http-nio-8088-exec-8cid - <==      Total: 1
2018-05-31 14:26:40.278  [http-nio-8088-exec-8] DEBUG [com.webwangbao.house.biz.mapper.HouseMapper.selectSaleHouseUser:] http-nio-8088-exec-8cid - ==>  Preparing: select id,house_id,user_id,create_time,type from house_user where house_id = ? and type = 1 limit 1 
2018-05-31 14:26:40.278  [http-nio-8088-exec-8] DEBUG [com.webwangbao.house.biz.mapper.HouseMapper.selectSaleHouseUser:] http-nio-8088-exec-8cid - ==> Parameters: 62(Long)
2018-05-31 14:26:40.278  [http-nio-8088-exec-8] DEBUG [com.webwangbao.house.biz.mapper.HouseMapper.selectSaleHouseUser:] http-nio-8088-exec-8cid - <==      Total: 1
2018-05-31 14:26:40.302  [http-nio-8088-exec-8] DEBUG [com.webwangbao.house.biz.mapper.CommentMapper.selectComments:] http-nio-8088-exec-8cid - ==>  Preparing: select id, content, house_id, create_time, blog_id, type, user_id from comment where type =1 and house_id = ? order by create_time desc limit ? 
2018-05-31 14:26:40.304  [http-nio-8088-exec-8] DEBUG [com.webwangbao.house.biz.mapper.CommentMapper.selectComments:] http-nio-8088-exec-8cid - ==> Parameters: 62(Long), 8(Integer)
2018-05-31 14:26:40.312  [http-nio-8088-exec-8] DEBUG [com.webwangbao.house.biz.mapper.CommentMapper.selectComments:] http-nio-8088-exec-8cid - <==      Total: 3
2018-05-31 14:26:40.312  [http-nio-8088-exec-8] DEBUG [com.webwangbao.house.biz.mapper.UserMapper.selectUsersByQuery:] http-nio-8088-exec-8cid - ==>  Preparing: select * from user WHERE id = ? 
2018-05-31 14:26:40.312  [http-nio-8088-exec-8] DEBUG [com.webwangbao.house.biz.mapper.UserMapper.selectUsersByQuery:] http-nio-8088-exec-8cid - ==> Parameters: 12(Long)
2018-05-31 14:26:40.312  [http-nio-8088-exec-8] DEBUG [com.webwangbao.house.biz.mapper.UserMapper.selectUsersByQuery:] http-nio-8088-exec-8cid - <==      Total: 1
2018-05-31 14:26:40.314  [http-nio-8088-exec-8] DEBUG [com.webwangbao.house.biz.mapper.UserMapper.selectUsersByQuery:] http-nio-8088-exec-8cid - ==>  Preparing: select * from user WHERE id = ? 
2018-05-31 14:26:40.314  [http-nio-8088-exec-8] DEBUG [com.webwangbao.house.biz.mapper.UserMapper.selectUsersByQuery:] http-nio-8088-exec-8cid - ==> Parameters: 14(Long)
2018-05-31 14:26:40.317  [http-nio-8088-exec-8] DEBUG [com.webwangbao.house.biz.mapper.UserMapper.selectUsersByQuery:] http-nio-8088-exec-8cid - <==      Total: 1
2018-05-31 14:26:40.317  [http-nio-8088-exec-8] DEBUG [com.webwangbao.house.biz.mapper.UserMapper.selectUsersByQuery:] http-nio-8088-exec-8cid - ==>  Preparing: select * from user WHERE id = ? 
2018-05-31 14:26:40.317  [http-nio-8088-exec-8] DEBUG [com.webwangbao.house.biz.mapper.UserMapper.selectUsersByQuery:] http-nio-8088-exec-8cid - ==> Parameters: 14(Long)
2018-05-31 14:26:40.319  [http-nio-8088-exec-8] DEBUG [com.webwangbao.house.biz.mapper.UserMapper.selectUsersByQuery:] http-nio-8088-exec-8cid - <==      Total: 1
2018-05-31 14:26:40.319  [http-nio-8088-exec-8] DEBUG [com.webwangbao.house.biz.mapper.AgencyMapper.selectAgent:] http-nio-8088-exec-8cid - ==>  Preparing: select * from user WHERE enable = 1 and type = 2 and id = ? order by id desc limit ?, ? 
2018-05-31 14:26:40.319  [http-nio-8088-exec-8] DEBUG [com.webwangbao.house.biz.mapper.AgencyMapper.selectAgent:] http-nio-8088-exec-8cid - ==> Parameters: 12(Long), 0(Integer), 1(Integer)
2018-05-31 14:26:40.319  [http-nio-8088-exec-8] DEBUG [com.webwangbao.house.biz.mapper.AgencyMapper.selectAgent:] http-nio-8088-exec-8cid - <==      Total: 1
2018-05-31 14:26:40.319  [http-nio-8088-exec-8] DEBUG [com.webwangbao.house.biz.mapper.AgencyMapper.select:] http-nio-8088-exec-8cid - ==>  Preparing: select id , name, address, phone, email, about_us, mobile, web_site from agency 
2018-05-31 14:26:40.322  [http-nio-8088-exec-8] DEBUG [com.webwangbao.house.biz.mapper.AgencyMapper.select:] http-nio-8088-exec-8cid - ==> Parameters: 
2018-05-31 14:26:40.322  [http-nio-8088-exec-8] DEBUG [com.webwangbao.house.biz.mapper.AgencyMapper.select:] http-nio-8088-exec-8cid - <==      Total: 5
2018-05-31 14:26:40.324  [http-nio-8088-exec-8] DEBUG [com.webwangbao.house.biz.mapper.HouseMapper.selectPageHouses:] http-nio-8088-exec-8cid - ==>  Preparing: select a.id, a.type, a.name, a.price, a.images, a.area, a.beds, a.baths, a.rating, a.remarks, a.properties, a.floor_plan, a.tags, a.create_time, a.city_id, a.community_id, a.address, a.state from house a WHERE state = 1 and a.id in ( ? , ? , ? , ? , ? ) order by a.create_time desc limit ?,? 
2018-05-31 14:26:40.324  [http-nio-8088-exec-8] DEBUG [com.webwangbao.house.biz.mapper.HouseMapper.selectPageHouses:] http-nio-8088-exec-8cid - ==> Parameters: 62(Long), 61(Long), 48(Long), 60(Long), 44(Long), 0(Integer), 5(Integer)
2018-05-31 14:26:40.327  [http-nio-8088-exec-8] DEBUG [com.webwangbao.house.biz.mapper.HouseMapper.selectPageHouses:] http-nio-8088-exec-8cid - <==      Total: 5
2018-05-31 14:26:46.614  [http-nio-8088-exec-2] DEBUG [com.webwangbao.house.biz.mapper.HouseMapper.selectPageHouses:] http-nio-8088-exec-2cid - ==>  Preparing: select a.id, a.type, a.name, a.price, a.images, a.area, a.beds, a.baths, a.rating, a.remarks, a.properties, a.floor_plan, a.tags, a.create_time, a.city_id, a.community_id, a.address, a.state from house a WHERE state = 1 order by a.create_time desc limit ?,? 
2018-05-31 14:26:46.614  [http-nio-8088-exec-2] DEBUG [com.webwangbao.house.biz.mapper.HouseMapper.selectPageHouses:] http-nio-8088-exec-2cid - ==> Parameters: 0(Integer), 8(Integer)
2018-05-31 14:26:46.614  [http-nio-8088-exec-2] DEBUG [com.webwangbao.house.biz.mapper.HouseMapper.selectPageHouses:] http-nio-8088-exec-2cid - <==      Total: 8
2018-05-31 14:26:51.371  [http-nio-8088-exec-3] DEBUG [com.webwangbao.house.biz.mapper.HouseMapper.selectPageHouses:] http-nio-8088-exec-3cid - ==>  Preparing: select a.id, a.type, a.name, a.price, a.images, a.area, a.beds, a.baths, a.rating, a.remarks, a.properties, a.floor_plan, a.tags, a.create_time, a.city_id, a.community_id, a.address, a.state from house a WHERE state = 1 and a.type = ? order by a.create_time desc limit ?,? 
2018-05-31 14:26:51.371  [http-nio-8088-exec-3] DEBUG [com.webwangbao.house.biz.mapper.HouseMapper.selectPageHouses:] http-nio-8088-exec-3cid - ==> Parameters: 1(Integer), 0(Integer), 5(Integer)
2018-05-31 14:26:51.371  [http-nio-8088-exec-3] DEBUG [com.webwangbao.house.biz.mapper.HouseMapper.selectPageHouses:] http-nio-8088-exec-3cid - <==      Total: 5
2018-05-31 14:26:51.386  [http-nio-8088-exec-3] DEBUG [com.webwangbao.house.biz.mapper.HouseMapper.selectPageCount:] http-nio-8088-exec-3cid - ==>  Preparing: select count(id) from house a WHERE state = 1 and a.type = ? 
2018-05-31 14:26:51.386  [http-nio-8088-exec-3] DEBUG [com.webwangbao.house.biz.mapper.HouseMapper.selectPageCount:] http-nio-8088-exec-3cid - ==> Parameters: 1(Integer)
2018-05-31 14:26:51.389  [http-nio-8088-exec-3] DEBUG [com.webwangbao.house.biz.mapper.HouseMapper.selectPageCount:] http-nio-8088-exec-3cid - <==      Total: 1
2018-05-31 14:26:51.401  [http-nio-8088-exec-3] DEBUG [com.webwangbao.house.biz.mapper.HouseMapper.selectPageHouses:] http-nio-8088-exec-3cid - ==>  Preparing: select a.id, a.type, a.name, a.price, a.images, a.area, a.beds, a.baths, a.rating, a.remarks, a.properties, a.floor_plan, a.tags, a.create_time, a.city_id, a.community_id, a.address, a.state from house a WHERE state = 1 and a.id in ( ? , ? , ? , ? , ? ) order by a.create_time desc limit ?,? 
2018-05-31 14:26:51.404  [http-nio-8088-exec-3] DEBUG [com.webwangbao.house.biz.mapper.HouseMapper.selectPageHouses:] http-nio-8088-exec-3cid - ==> Parameters: 62(Long), 61(Long), 48(Long), 60(Long), 44(Long), 0(Integer), 5(Integer)
2018-05-31 14:26:51.404  [http-nio-8088-exec-3] DEBUG [com.webwangbao.house.biz.mapper.HouseMapper.selectPageHouses:] http-nio-8088-exec-3cid - <==      Total: 5
2018-05-31 14:26:54.892  [http-nio-8088-exec-8] DEBUG [com.webwangbao.house.biz.mapper.HouseMapper.selectPageHouses:] http-nio-8088-exec-8cid - ==>  Preparing: select a.id, a.type, a.name, a.price, a.images, a.area, a.beds, a.baths, a.rating, a.remarks, a.properties, a.floor_plan, a.tags, a.create_time, a.city_id, a.community_id, a.address, a.state from house a WHERE state = 1 and a.id = ? order by a.create_time desc limit ?,? 
2018-05-31 14:26:54.892  [http-nio-8088-exec-8] DEBUG [com.webwangbao.house.biz.mapper.HouseMapper.selectPageHouses:] http-nio-8088-exec-8cid - ==> Parameters: 62(Long), 0(Integer), 1(Integer)
2018-05-31 14:26:54.892  [http-nio-8088-exec-8] DEBUG [com.webwangbao.house.biz.mapper.HouseMapper.selectPageHouses:] http-nio-8088-exec-8cid - <==      Total: 1
2018-05-31 14:26:54.892  [http-nio-8088-exec-8] DEBUG [com.webwangbao.house.biz.mapper.HouseMapper.selectSaleHouseUser:] http-nio-8088-exec-8cid - ==>  Preparing: select id,house_id,user_id,create_time,type from house_user where house_id = ? and type = 1 limit 1 
2018-05-31 14:26:54.892  [http-nio-8088-exec-8] DEBUG [com.webwangbao.house.biz.mapper.HouseMapper.selectSaleHouseUser:] http-nio-8088-exec-8cid - ==> Parameters: 62(Long)
2018-05-31 14:26:54.892  [http-nio-8088-exec-8] DEBUG [com.webwangbao.house.biz.mapper.HouseMapper.selectSaleHouseUser:] http-nio-8088-exec-8cid - <==      Total: 1
2018-05-31 14:26:54.892  [http-nio-8088-exec-8] DEBUG [com.webwangbao.house.biz.mapper.CommentMapper.selectComments:] http-nio-8088-exec-8cid - ==>  Preparing: select id, content, house_id, create_time, blog_id, type, user_id from comment where type =1 and house_id = ? order by create_time desc limit ? 
2018-05-31 14:26:54.892  [http-nio-8088-exec-8] DEBUG [com.webwangbao.house.biz.mapper.CommentMapper.selectComments:] http-nio-8088-exec-8cid - ==> Parameters: 62(Long), 8(Integer)
2018-05-31 14:26:54.892  [http-nio-8088-exec-8] DEBUG [com.webwangbao.house.biz.mapper.CommentMapper.selectComments:] http-nio-8088-exec-8cid - <==      Total: 3
2018-05-31 14:26:54.908  [http-nio-8088-exec-8] DEBUG [com.webwangbao.house.biz.mapper.UserMapper.selectUsersByQuery:] http-nio-8088-exec-8cid - ==>  Preparing: select * from user WHERE id = ? 
2018-05-31 14:26:54.908  [http-nio-8088-exec-8] DEBUG [com.webwangbao.house.biz.mapper.UserMapper.selectUsersByQuery:] http-nio-8088-exec-8cid - ==> Parameters: 12(Long)
2018-05-31 14:26:54.908  [http-nio-8088-exec-8] DEBUG [com.webwangbao.house.biz.mapper.UserMapper.selectUsersByQuery:] http-nio-8088-exec-8cid - <==      Total: 1
2018-05-31 14:26:54.910  [http-nio-8088-exec-8] DEBUG [com.webwangbao.house.biz.mapper.UserMapper.selectUsersByQuery:] http-nio-8088-exec-8cid - ==>  Preparing: select * from user WHERE id = ? 
2018-05-31 14:26:54.910  [http-nio-8088-exec-8] DEBUG [com.webwangbao.house.biz.mapper.UserMapper.selectUsersByQuery:] http-nio-8088-exec-8cid - ==> Parameters: 14(Long)
2018-05-31 14:26:54.910  [http-nio-8088-exec-8] DEBUG [com.webwangbao.house.biz.mapper.UserMapper.selectUsersByQuery:] http-nio-8088-exec-8cid - <==      Total: 1
2018-05-31 14:26:54.910  [http-nio-8088-exec-8] DEBUG [com.webwangbao.house.biz.mapper.UserMapper.selectUsersByQuery:] http-nio-8088-exec-8cid - ==>  Preparing: select * from user WHERE id = ? 
2018-05-31 14:26:54.910  [http-nio-8088-exec-8] DEBUG [com.webwangbao.house.biz.mapper.UserMapper.selectUsersByQuery:] http-nio-8088-exec-8cid - ==> Parameters: 14(Long)
2018-05-31 14:26:54.913  [http-nio-8088-exec-8] DEBUG [com.webwangbao.house.biz.mapper.UserMapper.selectUsersByQuery:] http-nio-8088-exec-8cid - <==      Total: 1
2018-05-31 14:26:54.913  [http-nio-8088-exec-8] DEBUG [com.webwangbao.house.biz.mapper.AgencyMapper.selectAgent:] http-nio-8088-exec-8cid - ==>  Preparing: select * from user WHERE enable = 1 and type = 2 and id = ? order by id desc limit ?, ? 
2018-05-31 14:26:54.915  [http-nio-8088-exec-8] DEBUG [com.webwangbao.house.biz.mapper.AgencyMapper.selectAgent:] http-nio-8088-exec-8cid - ==> Parameters: 12(Long), 0(Integer), 1(Integer)
2018-05-31 14:26:54.915  [http-nio-8088-exec-8] DEBUG [com.webwangbao.house.biz.mapper.AgencyMapper.selectAgent:] http-nio-8088-exec-8cid - <==      Total: 1
2018-05-31 14:26:54.915  [http-nio-8088-exec-8] DEBUG [com.webwangbao.house.biz.mapper.AgencyMapper.select:] http-nio-8088-exec-8cid - ==>  Preparing: select id , name, address, phone, email, about_us, mobile, web_site from agency 
2018-05-31 14:26:54.915  [http-nio-8088-exec-8] DEBUG [com.webwangbao.house.biz.mapper.AgencyMapper.select:] http-nio-8088-exec-8cid - ==> Parameters: 
2018-05-31 14:26:54.918  [http-nio-8088-exec-8] DEBUG [com.webwangbao.house.biz.mapper.AgencyMapper.select:] http-nio-8088-exec-8cid - <==      Total: 5
2018-05-31 14:26:54.918  [http-nio-8088-exec-8] DEBUG [com.webwangbao.house.biz.mapper.HouseMapper.selectPageHouses:] http-nio-8088-exec-8cid - ==>  Preparing: select a.id, a.type, a.name, a.price, a.images, a.area, a.beds, a.baths, a.rating, a.remarks, a.properties, a.floor_plan, a.tags, a.create_time, a.city_id, a.community_id, a.address, a.state from house a WHERE state = 1 and a.id in ( ? , ? , ? , ? , ? ) order by a.create_time desc limit ?,? 
2018-05-31 14:26:54.920  [http-nio-8088-exec-8] DEBUG [com.webwangbao.house.biz.mapper.HouseMapper.selectPageHouses:] http-nio-8088-exec-8cid - ==> Parameters: 62(Long), 61(Long), 48(Long), 60(Long), 44(Long), 0(Integer), 5(Integer)
2018-05-31 14:26:54.920  [http-nio-8088-exec-8] DEBUG [com.webwangbao.house.biz.mapper.HouseMapper.selectPageHouses:] http-nio-8088-exec-8cid - <==      Total: 5
2018-05-31 14:27:01.616  [http-nio-8088-exec-4] DEBUG [com.webwangbao.house.biz.mapper.AgencyMapper.select:] http-nio-8088-exec-4cid - ==>  Preparing: select id , name, address, phone, email, about_us, mobile, web_site from agency 
2018-05-31 14:27:01.616  [http-nio-8088-exec-4] DEBUG [com.webwangbao.house.biz.mapper.AgencyMapper.select:] http-nio-8088-exec-4cid - ==> Parameters: 
2018-05-31 14:27:01.619  [http-nio-8088-exec-4] DEBUG [com.webwangbao.house.biz.mapper.AgencyMapper.select:] http-nio-8088-exec-4cid - <==      Total: 5
2018-05-31 14:27:04.062  [http-nio-8088-exec-2] DEBUG [com.webwangbao.house.biz.mapper.BlogMapper.selectBlog:] http-nio-8088-exec-2cid - ==>  Preparing: select id,tags ,content,create_time,title from blog a order by a.create_time desc limit ?, ? 
2018-05-31 14:27:04.062  [http-nio-8088-exec-2] DEBUG [com.webwangbao.house.biz.mapper.BlogMapper.selectBlog:] http-nio-8088-exec-2cid - ==> Parameters: 0(Integer), 5(Integer)
2018-05-31 14:27:04.078  [http-nio-8088-exec-2] DEBUG [com.webwangbao.house.biz.mapper.BlogMapper.selectBlog:] http-nio-8088-exec-2cid - <==      Total: 5
2018-05-31 14:27:04.078  [http-nio-8088-exec-2] DEBUG [com.webwangbao.house.biz.mapper.BlogMapper.selectBlogCount:] http-nio-8088-exec-2cid - ==>  Preparing: select count(id) from blog a order by a.create_time desc 
2018-05-31 14:27:04.078  [http-nio-8088-exec-2] DEBUG [com.webwangbao.house.biz.mapper.BlogMapper.selectBlogCount:] http-nio-8088-exec-2cid - ==> Parameters: 
2018-05-31 14:27:04.078  [http-nio-8088-exec-2] DEBUG [com.webwangbao.house.biz.mapper.BlogMapper.selectBlogCount:] http-nio-8088-exec-2cid - <==      Total: 1
2018-05-31 14:27:04.078  [http-nio-8088-exec-2] DEBUG [com.webwangbao.house.biz.mapper.HouseMapper.selectPageHouses:] http-nio-8088-exec-2cid - ==>  Preparing: select a.id, a.type, a.name, a.price, a.images, a.area, a.beds, a.baths, a.rating, a.remarks, a.properties, a.floor_plan, a.tags, a.create_time, a.city_id, a.community_id, a.address, a.state from house a WHERE state = 1 and a.id in ( ? , ? , ? , ? , ? ) order by a.create_time desc limit ?,? 
2018-05-31 14:27:04.078  [http-nio-8088-exec-2] DEBUG [com.webwangbao.house.biz.mapper.HouseMapper.selectPageHouses:] http-nio-8088-exec-2cid - ==> Parameters: 62(Long), 61(Long), 48(Long), 60(Long), 44(Long), 0(Integer), 5(Integer)
2018-05-31 14:27:04.078  [http-nio-8088-exec-2] DEBUG [com.webwangbao.house.biz.mapper.HouseMapper.selectPageHouses:] http-nio-8088-exec-2cid - <==      Total: 5
2018-05-31 14:27:05.772  [http-nio-8088-exec-7] DEBUG [com.webwangbao.house.biz.mapper.BlogMapper.selectBlog:] http-nio-8088-exec-7cid - ==>  Preparing: select id,tags ,content,create_time,title from blog a WHERE id = ? order by a.create_time desc limit ?, ? 
2018-05-31 14:27:05.772  [http-nio-8088-exec-7] DEBUG [com.webwangbao.house.biz.mapper.BlogMapper.selectBlog:] http-nio-8088-exec-7cid - ==> Parameters: 1(Integer), 0(Integer), 1(Integer)
2018-05-31 14:27:05.772  [http-nio-8088-exec-7] DEBUG [com.webwangbao.house.biz.mapper.BlogMapper.selectBlog:] http-nio-8088-exec-7cid - <==      Total: 1
2018-05-31 14:27:05.772  [http-nio-8088-exec-7] DEBUG [com.webwangbao.house.biz.mapper.CommentMapper.selectBlogComments:] http-nio-8088-exec-7cid - ==>  Preparing: select id, content, house_id, create_time, blog_id, type, user_id from comment where type =2 and blog_id = ? order by create_time desc limit ? 
2018-05-31 14:27:05.772  [http-nio-8088-exec-7] DEBUG [com.webwangbao.house.biz.mapper.CommentMapper.selectBlogComments:] http-nio-8088-exec-7cid - ==> Parameters: 1(Long), 8(Integer)
2018-05-31 14:27:05.772  [http-nio-8088-exec-7] DEBUG [com.webwangbao.house.biz.mapper.CommentMapper.selectBlogComments:] http-nio-8088-exec-7cid - <==      Total: 5
2018-05-31 14:27:05.772  [http-nio-8088-exec-7] DEBUG [com.webwangbao.house.biz.mapper.UserMapper.selectUsersByQuery:] http-nio-8088-exec-7cid - ==>  Preparing: select * from user WHERE id = ? 
2018-05-31 14:27:05.772  [http-nio-8088-exec-7] DEBUG [com.webwangbao.house.biz.mapper.UserMapper.selectUsersByQuery:] http-nio-8088-exec-7cid - ==> Parameters: 14(Long)
2018-05-31 14:27:05.772  [http-nio-8088-exec-7] DEBUG [com.webwangbao.house.biz.mapper.UserMapper.selectUsersByQuery:] http-nio-8088-exec-7cid - <==      Total: 1
2018-05-31 14:27:05.772  [http-nio-8088-exec-7] DEBUG [com.webwangbao.house.biz.mapper.UserMapper.selectUsersByQuery:] http-nio-8088-exec-7cid - ==>  Preparing: select * from user WHERE id = ? 
2018-05-31 14:27:05.772  [http-nio-8088-exec-7] DEBUG [com.webwangbao.house.biz.mapper.UserMapper.selectUsersByQuery:] http-nio-8088-exec-7cid - ==> Parameters: 14(Long)
2018-05-31 14:27:05.788  [http-nio-8088-exec-7] DEBUG [com.webwangbao.house.biz.mapper.UserMapper.selectUsersByQuery:] http-nio-8088-exec-7cid - <==      Total: 1
2018-05-31 14:27:05.788  [http-nio-8088-exec-7] DEBUG [com.webwangbao.house.biz.mapper.UserMapper.selectUsersByQuery:] http-nio-8088-exec-7cid - ==>  Preparing: select * from user WHERE id = ? 
2018-05-31 14:27:05.788  [http-nio-8088-exec-7] DEBUG [com.webwangbao.house.biz.mapper.UserMapper.selectUsersByQuery:] http-nio-8088-exec-7cid - ==> Parameters: 13(Long)
2018-05-31 14:27:05.788  [http-nio-8088-exec-7] DEBUG [com.webwangbao.house.biz.mapper.UserMapper.selectUsersByQuery:] http-nio-8088-exec-7cid - <==      Total: 1
2018-05-31 14:27:05.788  [http-nio-8088-exec-7] DEBUG [com.webwangbao.house.biz.mapper.UserMapper.selectUsersByQuery:] http-nio-8088-exec-7cid - ==>  Preparing: select * from user WHERE id = ? 
2018-05-31 14:27:05.790  [http-nio-8088-exec-7] DEBUG [com.webwangbao.house.biz.mapper.UserMapper.selectUsersByQuery:] http-nio-8088-exec-7cid - ==> Parameters: 9(Long)
2018-05-31 14:27:05.790  [http-nio-8088-exec-7] DEBUG [com.webwangbao.house.biz.mapper.UserMapper.selectUsersByQuery:] http-nio-8088-exec-7cid - <==      Total: 1
2018-05-31 14:27:05.790  [http-nio-8088-exec-7] DEBUG [com.webwangbao.house.biz.mapper.UserMapper.selectUsersByQuery:] http-nio-8088-exec-7cid - ==>  Preparing: select * from user WHERE id = ? 
2018-05-31 14:27:05.790  [http-nio-8088-exec-7] DEBUG [com.webwangbao.house.biz.mapper.UserMapper.selectUsersByQuery:] http-nio-8088-exec-7cid - ==> Parameters: 4(Long)
2018-05-31 14:27:05.793  [http-nio-8088-exec-7] DEBUG [com.webwangbao.house.biz.mapper.UserMapper.selectUsersByQuery:] http-nio-8088-exec-7cid - <==      Total: 1
2018-05-31 14:27:05.795  [http-nio-8088-exec-7] DEBUG [com.webwangbao.house.biz.mapper.HouseMapper.selectPageHouses:] http-nio-8088-exec-7cid - ==>  Preparing: select a.id, a.type, a.name, a.price, a.images, a.area, a.beds, a.baths, a.rating, a.remarks, a.properties, a.floor_plan, a.tags, a.create_time, a.city_id, a.community_id, a.address, a.state from house a WHERE state = 1 and a.id in ( ? , ? , ? , ? , ? ) order by a.create_time desc limit ?,? 
2018-05-31 14:27:05.795  [http-nio-8088-exec-7] DEBUG [com.webwangbao.house.biz.mapper.HouseMapper.selectPageHouses:] http-nio-8088-exec-7cid - ==> Parameters: 62(Long), 61(Long), 48(Long), 60(Long), 44(Long), 0(Integer), 5(Integer)
2018-05-31 14:27:05.798  [http-nio-8088-exec-7] DEBUG [com.webwangbao.house.biz.mapper.HouseMapper.selectPageHouses:] http-nio-8088-exec-7cid - <==      Total: 5
2018-05-31 14:27:08.250  [http-nio-8088-exec-10] DEBUG [com.webwangbao.house.biz.mapper.HouseMapper.selectPageHouses:] http-nio-8088-exec-10cid - ==>  Preparing: select a.id, a.type, a.name, a.price, a.images, a.area, a.beds, a.baths, a.rating, a.remarks, a.properties, a.floor_plan, a.tags, a.create_time, a.city_id, a.community_id, a.address, a.state from house a WHERE state = 1 and a.id = ? order by a.create_time desc limit ?,? 
2018-05-31 14:27:08.250  [http-nio-8088-exec-10] DEBUG [com.webwangbao.house.biz.mapper.HouseMapper.selectPageHouses:] http-nio-8088-exec-10cid - ==> Parameters: 62(Long), 0(Integer), 1(Integer)
2018-05-31 14:27:08.250  [http-nio-8088-exec-10] DEBUG [com.webwangbao.house.biz.mapper.HouseMapper.selectPageHouses:] http-nio-8088-exec-10cid - <==      Total: 1
2018-05-31 14:27:08.250  [http-nio-8088-exec-10] DEBUG [com.webwangbao.house.biz.mapper.HouseMapper.selectSaleHouseUser:] http-nio-8088-exec-10cid - ==>  Preparing: select id,house_id,user_id,create_time,type from house_user where house_id = ? and type = 1 limit 1 
2018-05-31 14:27:08.250  [http-nio-8088-exec-10] DEBUG [com.webwangbao.house.biz.mapper.HouseMapper.selectSaleHouseUser:] http-nio-8088-exec-10cid - ==> Parameters: 62(Long)
2018-05-31 14:27:08.250  [http-nio-8088-exec-10] DEBUG [com.webwangbao.house.biz.mapper.HouseMapper.selectSaleHouseUser:] http-nio-8088-exec-10cid - <==      Total: 1
2018-05-31 14:27:08.250  [http-nio-8088-exec-10] DEBUG [com.webwangbao.house.biz.mapper.CommentMapper.selectComments:] http-nio-8088-exec-10cid - ==>  Preparing: select id, content, house_id, create_time, blog_id, type, user_id from comment where type =1 and house_id = ? order by create_time desc limit ? 
2018-05-31 14:27:08.250  [http-nio-8088-exec-10] DEBUG [com.webwangbao.house.biz.mapper.CommentMapper.selectComments:] http-nio-8088-exec-10cid - ==> Parameters: 62(Long), 8(Integer)
2018-05-31 14:27:08.250  [http-nio-8088-exec-10] DEBUG [com.webwangbao.house.biz.mapper.CommentMapper.selectComments:] http-nio-8088-exec-10cid - <==      Total: 3
2018-05-31 14:27:08.250  [http-nio-8088-exec-10] DEBUG [com.webwangbao.house.biz.mapper.UserMapper.selectUsersByQuery:] http-nio-8088-exec-10cid - ==>  Preparing: select * from user WHERE id = ? 
2018-05-31 14:27:08.250  [http-nio-8088-exec-10] DEBUG [com.webwangbao.house.biz.mapper.UserMapper.selectUsersByQuery:] http-nio-8088-exec-10cid - ==> Parameters: 12(Long)
2018-05-31 14:27:08.250  [http-nio-8088-exec-10] DEBUG [com.webwangbao.house.biz.mapper.UserMapper.selectUsersByQuery:] http-nio-8088-exec-10cid - <==      Total: 1
2018-05-31 14:27:08.250  [http-nio-8088-exec-10] DEBUG [com.webwangbao.house.biz.mapper.UserMapper.selectUsersByQuery:] http-nio-8088-exec-10cid - ==>  Preparing: select * from user WHERE id = ? 
2018-05-31 14:27:08.250  [http-nio-8088-exec-10] DEBUG [com.webwangbao.house.biz.mapper.UserMapper.selectUsersByQuery:] http-nio-8088-exec-10cid - ==> Parameters: 14(Long)
2018-05-31 14:27:08.250  [http-nio-8088-exec-10] DEBUG [com.webwangbao.house.biz.mapper.UserMapper.selectUsersByQuery:] http-nio-8088-exec-10cid - <==      Total: 1
2018-05-31 14:27:08.250  [http-nio-8088-exec-10] DEBUG [com.webwangbao.house.biz.mapper.UserMapper.selectUsersByQuery:] http-nio-8088-exec-10cid - ==>  Preparing: select * from user WHERE id = ? 
2018-05-31 14:27:08.250  [http-nio-8088-exec-10] DEBUG [com.webwangbao.house.biz.mapper.UserMapper.selectUsersByQuery:] http-nio-8088-exec-10cid - ==> Parameters: 14(Long)
2018-05-31 14:27:08.250  [http-nio-8088-exec-10] DEBUG [com.webwangbao.house.biz.mapper.UserMapper.selectUsersByQuery:] http-nio-8088-exec-10cid - <==      Total: 1
2018-05-31 14:27:08.250  [http-nio-8088-exec-10] DEBUG [com.webwangbao.house.biz.mapper.AgencyMapper.selectAgent:] http-nio-8088-exec-10cid - ==>  Preparing: select * from user WHERE enable = 1 and type = 2 and id = ? order by id desc limit ?, ? 
2018-05-31 14:27:08.250  [http-nio-8088-exec-10] DEBUG [com.webwangbao.house.biz.mapper.AgencyMapper.selectAgent:] http-nio-8088-exec-10cid - ==> Parameters: 12(Long), 0(Integer), 1(Integer)
2018-05-31 14:27:08.266  [http-nio-8088-exec-10] DEBUG [com.webwangbao.house.biz.mapper.AgencyMapper.selectAgent:] http-nio-8088-exec-10cid - <==      Total: 1
2018-05-31 14:27:08.266  [http-nio-8088-exec-10] DEBUG [com.webwangbao.house.biz.mapper.AgencyMapper.select:] http-nio-8088-exec-10cid - ==>  Preparing: select id , name, address, phone, email, about_us, mobile, web_site from agency 
2018-05-31 14:27:08.266  [http-nio-8088-exec-10] DEBUG [com.webwangbao.house.biz.mapper.AgencyMapper.select:] http-nio-8088-exec-10cid - ==> Parameters: 
2018-05-31 14:27:08.266  [http-nio-8088-exec-10] DEBUG [com.webwangbao.house.biz.mapper.AgencyMapper.select:] http-nio-8088-exec-10cid - <==      Total: 5
2018-05-31 14:27:08.271  [http-nio-8088-exec-10] DEBUG [com.webwangbao.house.biz.mapper.HouseMapper.selectPageHouses:] http-nio-8088-exec-10cid - ==>  Preparing: select a.id, a.type, a.name, a.price, a.images, a.area, a.beds, a.baths, a.rating, a.remarks, a.properties, a.floor_plan, a.tags, a.create_time, a.city_id, a.community_id, a.address, a.state from house a WHERE state = 1 and a.id in ( ? , ? , ? , ? , ? ) order by a.create_time desc limit ?,? 
2018-05-31 14:27:08.271  [http-nio-8088-exec-10] DEBUG [com.webwangbao.house.biz.mapper.HouseMapper.selectPageHouses:] http-nio-8088-exec-10cid - ==> Parameters: 62(Long), 61(Long), 48(Long), 60(Long), 44(Long), 0(Integer), 5(Integer)
2018-05-31 14:27:08.271  [http-nio-8088-exec-10] DEBUG [com.webwangbao.house.biz.mapper.HouseMapper.selectPageHouses:] http-nio-8088-exec-10cid - <==      Total: 5
2018-05-31 14:27:11.237  [http-nio-8088-exec-6] DEBUG [com.webwangbao.house.biz.mapper.AgencyMapper.select:] http-nio-8088-exec-6cid - ==>  Preparing: select id , name, address, phone, email, about_us, mobile, web_site from agency 
2018-05-31 14:27:11.237  [http-nio-8088-exec-6] DEBUG [com.webwangbao.house.biz.mapper.AgencyMapper.select:] http-nio-8088-exec-6cid - ==> Parameters: 
2018-05-31 14:27:11.237  [http-nio-8088-exec-6] DEBUG [com.webwangbao.house.biz.mapper.AgencyMapper.select:] http-nio-8088-exec-6cid - <==      Total: 5
2018-05-31 14:46:50.825  [http-nio-8088-exec-8] DEBUG [com.webwangbao.house.biz.mapper.HouseMapper.selectPageHouses:] http-nio-8088-exec-8cid - ==>  Preparing: select a.id, a.type, a.name, a.price, a.images, a.area, a.beds, a.baths, a.rating, a.remarks, a.properties, a.floor_plan, a.tags, a.create_time, a.city_id, a.community_id, a.address, a.state from house a WHERE state = 1 order by a.create_time desc limit ?,? 
2018-05-31 14:46:50.825  [http-nio-8088-exec-8] DEBUG [com.webwangbao.house.biz.mapper.HouseMapper.selectPageHouses:] http-nio-8088-exec-8cid - ==> Parameters: 0(Integer), 8(Integer)
2018-05-31 14:46:50.825  [http-nio-8088-exec-8] DEBUG [com.webwangbao.house.biz.mapper.HouseMapper.selectPageHouses:] http-nio-8088-exec-8cid - <==      Total: 8
2018-05-31 14:50:49.135  [http-nio-8088-exec-2] DEBUG [com.webwangbao.house.biz.mapper.HouseMapper.selectPageHouses:] http-nio-8088-exec-2cid - ==>  Preparing: select a.id, a.type, a.name, a.price, a.images, a.area, a.beds, a.baths, a.rating, a.remarks, a.properties, a.floor_plan, a.tags, a.create_time, a.city_id, a.community_id, a.address, a.state from house a WHERE state = 1 order by a.create_time desc limit ?,? 
2018-05-31 14:50:49.137  [http-nio-8088-exec-2] DEBUG [com.webwangbao.house.biz.mapper.HouseMapper.selectPageHouses:] http-nio-8088-exec-2cid - ==> Parameters: 0(Integer), 5(Integer)
2018-05-31 14:50:49.140  [http-nio-8088-exec-2] DEBUG [com.webwangbao.house.biz.mapper.HouseMapper.selectPageHouses:] http-nio-8088-exec-2cid - <==      Total: 5
2018-05-31 14:50:49.140  [http-nio-8088-exec-2] DEBUG [com.webwangbao.house.biz.mapper.HouseMapper.selectPageCount:] http-nio-8088-exec-2cid - ==>  Preparing: select count(id) from house a WHERE state = 1 
2018-05-31 14:50:49.140  [http-nio-8088-exec-2] DEBUG [com.webwangbao.house.biz.mapper.HouseMapper.selectPageCount:] http-nio-8088-exec-2cid - ==> Parameters: 
2018-05-31 14:50:49.140  [http-nio-8088-exec-2] DEBUG [com.webwangbao.house.biz.mapper.HouseMapper.selectPageCount:] http-nio-8088-exec-2cid - <==      Total: 1
2018-05-31 14:50:49.147  [http-nio-8088-exec-2] DEBUG [com.webwangbao.house.biz.mapper.HouseMapper.selectPageHouses:] http-nio-8088-exec-2cid - ==>  Preparing: select a.id, a.type, a.name, a.price, a.images, a.area, a.beds, a.baths, a.rating, a.remarks, a.properties, a.floor_plan, a.tags, a.create_time, a.city_id, a.community_id, a.address, a.state from house a WHERE state = 1 and a.id in ( ? , ? , ? , ? , ? ) order by a.create_time desc limit ?,? 
2018-05-31 14:50:49.147  [http-nio-8088-exec-2] DEBUG [com.webwangbao.house.biz.mapper.HouseMapper.selectPageHouses:] http-nio-8088-exec-2cid - ==> Parameters: 62(Long), 61(Long), 48(Long), 60(Long), 44(Long), 0(Integer), 5(Integer)
2018-05-31 14:50:49.152  [http-nio-8088-exec-2] DEBUG [com.webwangbao.house.biz.mapper.HouseMapper.selectPageHouses:] http-nio-8088-exec-2cid - <==      Total: 5
2018-05-31 14:52:14.704  [http-nio-8088-exec-8] DEBUG [com.webwangbao.house.biz.mapper.HouseMapper.selectPageHouses:] http-nio-8088-exec-8cid - ==>  Preparing: select a.id, a.type, a.name, a.price, a.images, a.area, a.beds, a.baths, a.rating, a.remarks, a.properties, a.floor_plan, a.tags, a.create_time, a.city_id, a.community_id, a.address, a.state from house a WHERE state = 1 order by a.create_time desc limit ?,? 
2018-05-31 14:52:14.704  [http-nio-8088-exec-8] DEBUG [com.webwangbao.house.biz.mapper.HouseMapper.selectPageHouses:] http-nio-8088-exec-8cid - ==> Parameters: 0(Integer), 8(Integer)
2018-05-31 14:52:14.707  [http-nio-8088-exec-8] DEBUG [com.webwangbao.house.biz.mapper.HouseMapper.selectPageHouses:] http-nio-8088-exec-8cid - <==      Total: 8
2018-05-31 14:52:53.969  [http-nio-8088-exec-6] DEBUG [com.webwangbao.house.biz.mapper.HouseMapper.selectPageHouses:] http-nio-8088-exec-6cid - ==>  Preparing: select a.id, a.type, a.name, a.price, a.images, a.area, a.beds, a.baths, a.rating, a.remarks, a.properties, a.floor_plan, a.tags, a.create_time, a.city_id, a.community_id, a.address, a.state from house a WHERE state = 1 and a.id = ? order by a.create_time desc limit ?,? 
2018-05-31 14:52:53.969  [http-nio-8088-exec-6] DEBUG [com.webwangbao.house.biz.mapper.HouseMapper.selectPageHouses:] http-nio-8088-exec-6cid - ==> Parameters: 61(Long), 0(Integer), 1(Integer)
2018-05-31 14:52:53.974  [http-nio-8088-exec-6] DEBUG [com.webwangbao.house.biz.mapper.HouseMapper.selectPageHouses:] http-nio-8088-exec-6cid - <==      Total: 1
2018-05-31 14:52:53.974  [http-nio-8088-exec-6] DEBUG [com.webwangbao.house.biz.mapper.HouseMapper.selectSaleHouseUser:] http-nio-8088-exec-6cid - ==>  Preparing: select id,house_id,user_id,create_time,type from house_user where house_id = ? and type = 1 limit 1 
2018-05-31 14:52:53.974  [http-nio-8088-exec-6] DEBUG [com.webwangbao.house.biz.mapper.HouseMapper.selectSaleHouseUser:] http-nio-8088-exec-6cid - ==> Parameters: 61(Long)
2018-05-31 14:52:53.977  [http-nio-8088-exec-6] DEBUG [com.webwangbao.house.biz.mapper.HouseMapper.selectSaleHouseUser:] http-nio-8088-exec-6cid - <==      Total: 1
2018-05-31 14:52:53.982  [http-nio-8088-exec-6] DEBUG [com.webwangbao.house.biz.mapper.CommentMapper.selectComments:] http-nio-8088-exec-6cid - ==>  Preparing: select id, content, house_id, create_time, blog_id, type, user_id from comment where type =1 and house_id = ? order by create_time desc limit ? 
2018-05-31 14:52:53.982  [http-nio-8088-exec-6] DEBUG [com.webwangbao.house.biz.mapper.CommentMapper.selectComments:] http-nio-8088-exec-6cid - ==> Parameters: 61(Long), 8(Integer)
2018-05-31 14:52:53.984  [http-nio-8088-exec-6] DEBUG [com.webwangbao.house.biz.mapper.CommentMapper.selectComments:] http-nio-8088-exec-6cid - <==      Total: 3
2018-05-31 14:52:53.984  [http-nio-8088-exec-6] DEBUG [com.webwangbao.house.biz.mapper.UserMapper.selectUsersByQuery:] http-nio-8088-exec-6cid - ==>  Preparing: select * from user WHERE id = ? 
2018-05-31 14:52:53.984  [http-nio-8088-exec-6] DEBUG [com.webwangbao.house.biz.mapper.UserMapper.selectUsersByQuery:] http-nio-8088-exec-6cid - ==> Parameters: 14(Long)
2018-05-31 14:52:53.987  [http-nio-8088-exec-6] DEBUG [com.webwangbao.house.biz.mapper.UserMapper.selectUsersByQuery:] http-nio-8088-exec-6cid - <==      Total: 1
2018-05-31 14:52:53.987  [http-nio-8088-exec-6] DEBUG [com.webwangbao.house.biz.mapper.UserMapper.selectUsersByQuery:] http-nio-8088-exec-6cid - ==>  Preparing: select * from user WHERE id = ? 
2018-05-31 14:52:53.987  [http-nio-8088-exec-6] DEBUG [com.webwangbao.house.biz.mapper.UserMapper.selectUsersByQuery:] http-nio-8088-exec-6cid - ==> Parameters: 12(Long)
2018-05-31 14:52:53.987  [http-nio-8088-exec-6] DEBUG [com.webwangbao.house.biz.mapper.UserMapper.selectUsersByQuery:] http-nio-8088-exec-6cid - <==      Total: 1
2018-05-31 14:52:53.989  [http-nio-8088-exec-6] DEBUG [com.webwangbao.house.biz.mapper.UserMapper.selectUsersByQuery:] http-nio-8088-exec-6cid - ==>  Preparing: select * from user WHERE id = ? 
2018-05-31 14:52:53.989  [http-nio-8088-exec-6] DEBUG [com.webwangbao.house.biz.mapper.UserMapper.selectUsersByQuery:] http-nio-8088-exec-6cid - ==> Parameters: 12(Long)
2018-05-31 14:52:53.989  [http-nio-8088-exec-6] DEBUG [com.webwangbao.house.biz.mapper.UserMapper.selectUsersByQuery:] http-nio-8088-exec-6cid - <==      Total: 1
2018-05-31 14:52:53.989  [http-nio-8088-exec-6] DEBUG [com.webwangbao.house.biz.mapper.AgencyMapper.selectAgent:] http-nio-8088-exec-6cid - ==>  Preparing: select * from user WHERE enable = 1 and type = 2 and id = ? order by id desc limit ?, ? 
2018-05-31 14:52:53.992  [http-nio-8088-exec-6] DEBUG [com.webwangbao.house.biz.mapper.AgencyMapper.selectAgent:] http-nio-8088-exec-6cid - ==> Parameters: 12(Long), 0(Integer), 1(Integer)
2018-05-31 14:52:53.992  [http-nio-8088-exec-6] DEBUG [com.webwangbao.house.biz.mapper.AgencyMapper.selectAgent:] http-nio-8088-exec-6cid - <==      Total: 1
2018-05-31 14:52:53.992  [http-nio-8088-exec-6] DEBUG [com.webwangbao.house.biz.mapper.AgencyMapper.select:] http-nio-8088-exec-6cid - ==>  Preparing: select id , name, address, phone, email, about_us, mobile, web_site from agency 
2018-05-31 14:52:53.992  [http-nio-8088-exec-6] DEBUG [com.webwangbao.house.biz.mapper.AgencyMapper.select:] http-nio-8088-exec-6cid - ==> Parameters: 
2018-05-31 14:52:53.994  [http-nio-8088-exec-6] DEBUG [com.webwangbao.house.biz.mapper.AgencyMapper.select:] http-nio-8088-exec-6cid - <==      Total: 5
2018-05-31 14:52:53.997  [http-nio-8088-exec-6] DEBUG [com.webwangbao.house.biz.mapper.HouseMapper.selectPageHouses:] http-nio-8088-exec-6cid - ==>  Preparing: select a.id, a.type, a.name, a.price, a.images, a.area, a.beds, a.baths, a.rating, a.remarks, a.properties, a.floor_plan, a.tags, a.create_time, a.city_id, a.community_id, a.address, a.state from house a WHERE state = 1 and a.id in ( ? , ? , ? , ? , ? ) order by a.create_time desc limit ?,? 
2018-05-31 14:52:53.999  [http-nio-8088-exec-6] DEBUG [com.webwangbao.house.biz.mapper.HouseMapper.selectPageHouses:] http-nio-8088-exec-6cid - ==> Parameters: 62(Long), 61(Long), 48(Long), 60(Long), 44(Long), 0(Integer), 5(Integer)
2018-05-31 14:52:54.002  [http-nio-8088-exec-6] DEBUG [com.webwangbao.house.biz.mapper.HouseMapper.selectPageHouses:] http-nio-8088-exec-6cid - <==      Total: 5
2018-05-31 14:53:02.016  [http-nio-8088-exec-9] DEBUG [com.webwangbao.house.biz.mapper.HouseMapper.selectPageHouses:] http-nio-8088-exec-9cid - ==>  Preparing: select a.id, a.type, a.name, a.price, a.images, a.area, a.beds, a.baths, a.rating, a.remarks, a.properties, a.floor_plan, a.tags, a.create_time, a.city_id, a.community_id, a.address, a.state from house a WHERE state = 1 order by a.create_time desc limit ?,? 
2018-05-31 14:53:02.016  [http-nio-8088-exec-9] DEBUG [com.webwangbao.house.biz.mapper.HouseMapper.selectPageHouses:] http-nio-8088-exec-9cid - ==> Parameters: 0(Integer), 8(Integer)
2018-05-31 14:53:02.016  [http-nio-8088-exec-9] DEBUG [com.webwangbao.house.biz.mapper.HouseMapper.selectPageHouses:] http-nio-8088-exec-9cid - <==      Total: 8
2018-05-31 14:54:41.904  [http-nio-8088-exec-10] DEBUG [com.webwangbao.house.biz.mapper.HouseMapper.selectPageHouses:] http-nio-8088-exec-10cid - ==>  Preparing: select a.id, a.type, a.name, a.price, a.images, a.area, a.beds, a.baths, a.rating, a.remarks, a.properties, a.floor_plan, a.tags, a.create_time, a.city_id, a.community_id, a.address, a.state from house a WHERE state = 1 order by a.create_time desc limit ?,? 
2018-05-31 14:54:41.907  [http-nio-8088-exec-10] DEBUG [com.webwangbao.house.biz.mapper.HouseMapper.selectPageHouses:] http-nio-8088-exec-10cid - ==> Parameters: 0(Integer), 5(Integer)
2018-05-31 14:54:41.907  [http-nio-8088-exec-10] DEBUG [com.webwangbao.house.biz.mapper.HouseMapper.selectPageHouses:] http-nio-8088-exec-10cid - <==      Total: 5
2018-05-31 14:54:41.909  [http-nio-8088-exec-10] DEBUG [com.webwangbao.house.biz.mapper.HouseMapper.selectPageCount:] http-nio-8088-exec-10cid - ==>  Preparing: select count(id) from house a WHERE state = 1 
2018-05-31 14:54:41.909  [http-nio-8088-exec-10] DEBUG [com.webwangbao.house.biz.mapper.HouseMapper.selectPageCount:] http-nio-8088-exec-10cid - ==> Parameters: 
2018-05-31 14:54:41.909  [http-nio-8088-exec-10] DEBUG [com.webwangbao.house.biz.mapper.HouseMapper.selectPageCount:] http-nio-8088-exec-10cid - <==      Total: 1
2018-05-31 14:54:41.912  [http-nio-8088-exec-10] DEBUG [com.webwangbao.house.biz.mapper.HouseMapper.selectPageHouses:] http-nio-8088-exec-10cid - ==>  Preparing: select a.id, a.type, a.name, a.price, a.images, a.area, a.beds, a.baths, a.rating, a.remarks, a.properties, a.floor_plan, a.tags, a.create_time, a.city_id, a.community_id, a.address, a.state from house a WHERE state = 1 and a.id in ( ? , ? , ? , ? , ? ) order by a.create_time desc limit ?,? 
2018-05-31 14:54:41.914  [http-nio-8088-exec-10] DEBUG [com.webwangbao.house.biz.mapper.HouseMapper.selectPageHouses:] http-nio-8088-exec-10cid - ==> Parameters: 62(Long), 61(Long), 48(Long), 60(Long), 44(Long), 0(Integer), 5(Integer)
2018-05-31 14:54:41.919  [http-nio-8088-exec-10] DEBUG [com.webwangbao.house.biz.mapper.HouseMapper.selectPageHouses:] http-nio-8088-exec-10cid - <==      Total: 5
2018-05-31 14:54:46.018  [http-nio-8088-exec-9] DEBUG [com.webwangbao.house.biz.mapper.HouseMapper.selectPageHouses:] http-nio-8088-exec-9cid - ==>  Preparing: select a.id, a.type, a.name, a.price, a.images, a.area, a.beds, a.baths, a.rating, a.remarks, a.properties, a.floor_plan, a.tags, a.create_time, a.city_id, a.community_id, a.address, a.state from house a WHERE state = 1 and a.type = ? order by a.price asc limit ?,? 
2018-05-31 14:54:46.018  [http-nio-8088-exec-9] DEBUG [com.webwangbao.house.biz.mapper.HouseMapper.selectPageHouses:] http-nio-8088-exec-9cid - ==> Parameters: 1(Integer), 0(Integer), 5(Integer)
2018-05-31 14:54:46.020  [http-nio-8088-exec-9] DEBUG [com.webwangbao.house.biz.mapper.HouseMapper.selectPageHouses:] http-nio-8088-exec-9cid - <==      Total: 5
2018-05-31 14:54:46.020  [http-nio-8088-exec-9] DEBUG [com.webwangbao.house.biz.mapper.HouseMapper.selectPageCount:] http-nio-8088-exec-9cid - ==>  Preparing: select count(id) from house a WHERE state = 1 and a.type = ? 
2018-05-31 14:54:46.020  [http-nio-8088-exec-9] DEBUG [com.webwangbao.house.biz.mapper.HouseMapper.selectPageCount:] http-nio-8088-exec-9cid - ==> Parameters: 1(Integer)
2018-05-31 14:54:46.025  [http-nio-8088-exec-9] DEBUG [com.webwangbao.house.biz.mapper.HouseMapper.selectPageCount:] http-nio-8088-exec-9cid - <==      Total: 1
2018-05-31 14:54:46.028  [http-nio-8088-exec-9] DEBUG [com.webwangbao.house.biz.mapper.HouseMapper.selectPageHouses:] http-nio-8088-exec-9cid - ==>  Preparing: select a.id, a.type, a.name, a.price, a.images, a.area, a.beds, a.baths, a.rating, a.remarks, a.properties, a.floor_plan, a.tags, a.create_time, a.city_id, a.community_id, a.address, a.state from house a WHERE state = 1 and a.id in ( ? , ? , ? , ? , ? ) order by a.create_time desc limit ?,? 
2018-05-31 14:54:46.028  [http-nio-8088-exec-9] DEBUG [com.webwangbao.house.biz.mapper.HouseMapper.selectPageHouses:] http-nio-8088-exec-9cid - ==> Parameters: 62(Long), 61(Long), 48(Long), 60(Long), 44(Long), 0(Integer), 5(Integer)
2018-05-31 14:54:46.030  [http-nio-8088-exec-9] DEBUG [com.webwangbao.house.biz.mapper.HouseMapper.selectPageHouses:] http-nio-8088-exec-9cid - <==      Total: 5
2018-05-31 14:54:47.601  [http-nio-8088-exec-2] DEBUG [com.webwangbao.house.biz.mapper.HouseMapper.selectPageHouses:] http-nio-8088-exec-2cid - ==>  Preparing: select a.id, a.type, a.name, a.price, a.images, a.area, a.beds, a.baths, a.rating, a.remarks, a.properties, a.floor_plan, a.tags, a.create_time, a.city_id, a.community_id, a.address, a.state from house a WHERE state = 1 and a.type = ? order by a.create_time desc limit ?,? 
2018-05-31 14:54:47.601  [http-nio-8088-exec-2] DEBUG [com.webwangbao.house.biz.mapper.HouseMapper.selectPageHouses:] http-nio-8088-exec-2cid - ==> Parameters: 1(Integer), 0(Integer), 5(Integer)
2018-05-31 14:54:47.603  [http-nio-8088-exec-2] DEBUG [com.webwangbao.house.biz.mapper.HouseMapper.selectPageHouses:] http-nio-8088-exec-2cid - <==      Total: 5
2018-05-31 14:54:47.603  [http-nio-8088-exec-2] DEBUG [com.webwangbao.house.biz.mapper.HouseMapper.selectPageCount:] http-nio-8088-exec-2cid - ==>  Preparing: select count(id) from house a WHERE state = 1 and a.type = ? 
2018-05-31 14:54:47.603  [http-nio-8088-exec-2] DEBUG [com.webwangbao.house.biz.mapper.HouseMapper.selectPageCount:] http-nio-8088-exec-2cid - ==> Parameters: 1(Integer)
2018-05-31 14:54:47.606  [http-nio-8088-exec-2] DEBUG [com.webwangbao.house.biz.mapper.HouseMapper.selectPageCount:] http-nio-8088-exec-2cid - <==      Total: 1
2018-05-31 14:54:47.608  [http-nio-8088-exec-2] DEBUG [com.webwangbao.house.biz.mapper.HouseMapper.selectPageHouses:] http-nio-8088-exec-2cid - ==>  Preparing: select a.id, a.type, a.name, a.price, a.images, a.area, a.beds, a.baths, a.rating, a.remarks, a.properties, a.floor_plan, a.tags, a.create_time, a.city_id, a.community_id, a.address, a.state from house a WHERE state = 1 and a.id in ( ? , ? , ? , ? , ? ) order by a.create_time desc limit ?,? 
2018-05-31 14:54:47.608  [http-nio-8088-exec-2] DEBUG [com.webwangbao.house.biz.mapper.HouseMapper.selectPageHouses:] http-nio-8088-exec-2cid - ==> Parameters: 62(Long), 61(Long), 48(Long), 60(Long), 44(Long), 0(Integer), 5(Integer)
2018-05-31 14:54:47.608  [http-nio-8088-exec-2] DEBUG [com.webwangbao.house.biz.mapper.HouseMapper.selectPageHouses:] http-nio-8088-exec-2cid - <==      Total: 5
2018-05-31 14:54:51.442  [http-nio-8088-exec-7] DEBUG [com.webwangbao.house.biz.mapper.HouseMapper.selectPageHouses:] http-nio-8088-exec-7cid - ==>  Preparing: select a.id, a.type, a.name, a.price, a.images, a.area, a.beds, a.baths, a.rating, a.remarks, a.properties, a.floor_plan, a.tags, a.create_time, a.city_id, a.community_id, a.address, a.state from house a WHERE state = 1 and a.id = ? order by a.create_time desc limit ?,? 
2018-05-31 14:54:51.442  [http-nio-8088-exec-7] DEBUG [com.webwangbao.house.biz.mapper.HouseMapper.selectPageHouses:] http-nio-8088-exec-7cid - ==> Parameters: 62(Long), 0(Integer), 1(Integer)
2018-05-31 14:54:51.444  [http-nio-8088-exec-7] DEBUG [com.webwangbao.house.biz.mapper.HouseMapper.selectPageHouses:] http-nio-8088-exec-7cid - <==      Total: 1
2018-05-31 14:54:51.444  [http-nio-8088-exec-7] DEBUG [com.webwangbao.house.biz.mapper.HouseMapper.selectSaleHouseUser:] http-nio-8088-exec-7cid - ==>  Preparing: select id,house_id,user_id,create_time,type from house_user where house_id = ? and type = 1 limit 1 
2018-05-31 14:54:51.447  [http-nio-8088-exec-7] DEBUG [com.webwangbao.house.biz.mapper.HouseMapper.selectSaleHouseUser:] http-nio-8088-exec-7cid - ==> Parameters: 62(Long)
2018-05-31 14:54:51.449  [http-nio-8088-exec-7] DEBUG [com.webwangbao.house.biz.mapper.HouseMapper.selectSaleHouseUser:] http-nio-8088-exec-7cid - <==      Total: 1
2018-05-31 14:54:51.454  [http-nio-8088-exec-7] DEBUG [com.webwangbao.house.biz.mapper.CommentMapper.selectComments:] http-nio-8088-exec-7cid - ==>  Preparing: select id, content, house_id, create_time, blog_id, type, user_id from comment where type =1 and house_id = ? order by create_time desc limit ? 
2018-05-31 14:54:51.454  [http-nio-8088-exec-7] DEBUG [com.webwangbao.house.biz.mapper.CommentMapper.selectComments:] http-nio-8088-exec-7cid - ==> Parameters: 62(Long), 8(Integer)
2018-05-31 14:54:51.457  [http-nio-8088-exec-7] DEBUG [com.webwangbao.house.biz.mapper.CommentMapper.selectComments:] http-nio-8088-exec-7cid - <==      Total: 3
2018-05-31 14:54:51.459  [http-nio-8088-exec-7] DEBUG [com.webwangbao.house.biz.mapper.UserMapper.selectUsersByQuery:] http-nio-8088-exec-7cid - ==>  Preparing: select * from user WHERE id = ? 
2018-05-31 14:54:51.459  [http-nio-8088-exec-7] DEBUG [com.webwangbao.house.biz.mapper.UserMapper.selectUsersByQuery:] http-nio-8088-exec-7cid - ==> Parameters: 12(Long)
2018-05-31 14:54:51.462  [http-nio-8088-exec-7] DEBUG [com.webwangbao.house.biz.mapper.UserMapper.selectUsersByQuery:] http-nio-8088-exec-7cid - <==      Total: 1
2018-05-31 14:54:51.462  [http-nio-8088-exec-7] DEBUG [com.webwangbao.house.biz.mapper.UserMapper.selectUsersByQuery:] http-nio-8088-exec-7cid - ==>  Preparing: select * from user WHERE id = ? 
2018-05-31 14:54:51.462  [http-nio-8088-exec-7] DEBUG [com.webwangbao.house.biz.mapper.UserMapper.selectUsersByQuery:] http-nio-8088-exec-7cid - ==> Parameters: 14(Long)
2018-05-31 14:54:51.464  [http-nio-8088-exec-7] DEBUG [com.webwangbao.house.biz.mapper.UserMapper.selectUsersByQuery:] http-nio-8088-exec-7cid - <==      Total: 1
2018-05-31 14:54:51.467  [http-nio-8088-exec-7] DEBUG [com.webwangbao.house.biz.mapper.UserMapper.selectUsersByQuery:] http-nio-8088-exec-7cid - ==>  Preparing: select * from user WHERE id = ? 
2018-05-31 14:54:51.467  [http-nio-8088-exec-7] DEBUG [com.webwangbao.house.biz.mapper.UserMapper.selectUsersByQuery:] http-nio-8088-exec-7cid - ==> Parameters: 14(Long)
2018-05-31 14:54:51.469  [http-nio-8088-exec-7] DEBUG [com.webwangbao.house.biz.mapper.UserMapper.selectUsersByQuery:] http-nio-8088-exec-7cid - <==      Total: 1
2018-05-31 14:54:51.472  [http-nio-8088-exec-7] DEBUG [com.webwangbao.house.biz.mapper.AgencyMapper.selectAgent:] http-nio-8088-exec-7cid - ==>  Preparing: select * from user WHERE enable = 1 and type = 2 and id = ? order by id desc limit ?, ? 
2018-05-31 14:54:51.472  [http-nio-8088-exec-7] DEBUG [com.webwangbao.house.biz.mapper.AgencyMapper.selectAgent:] http-nio-8088-exec-7cid - ==> Parameters: 12(Long), 0(Integer), 1(Integer)
2018-05-31 14:54:51.472  [http-nio-8088-exec-7] DEBUG [com.webwangbao.house.biz.mapper.AgencyMapper.selectAgent:] http-nio-8088-exec-7cid - <==      Total: 1
2018-05-31 14:54:51.474  [http-nio-8088-exec-7] DEBUG [com.webwangbao.house.biz.mapper.AgencyMapper.select:] http-nio-8088-exec-7cid - ==>  Preparing: select id , name, address, phone, email, about_us, mobile, web_site from agency 
2018-05-31 14:54:51.477  [http-nio-8088-exec-7] DEBUG [com.webwangbao.house.biz.mapper.AgencyMapper.select:] http-nio-8088-exec-7cid - ==> Parameters: 
2018-05-31 14:54:51.477  [http-nio-8088-exec-7] DEBUG [com.webwangbao.house.biz.mapper.AgencyMapper.select:] http-nio-8088-exec-7cid - <==      Total: 5
2018-05-31 14:54:51.479  [http-nio-8088-exec-7] DEBUG [com.webwangbao.house.biz.mapper.HouseMapper.selectPageHouses:] http-nio-8088-exec-7cid - ==>  Preparing: select a.id, a.type, a.name, a.price, a.images, a.area, a.beds, a.baths, a.rating, a.remarks, a.properties, a.floor_plan, a.tags, a.create_time, a.city_id, a.community_id, a.address, a.state from house a WHERE state = 1 and a.id in ( ? , ? , ? , ? , ? ) order by a.create_time desc limit ?,? 
2018-05-31 14:54:51.479  [http-nio-8088-exec-7] DEBUG [com.webwangbao.house.biz.mapper.HouseMapper.selectPageHouses:] http-nio-8088-exec-7cid - ==> Parameters: 62(Long), 61(Long), 48(Long), 60(Long), 44(Long), 0(Integer), 5(Integer)
2018-05-31 14:54:51.482  [http-nio-8088-exec-7] DEBUG [com.webwangbao.house.biz.mapper.HouseMapper.selectPageHouses:] http-nio-8088-exec-7cid - <==      Total: 5
2018-05-31 14:55:25.652  [http-nio-8088-exec-9] DEBUG [com.webwangbao.house.biz.mapper.HouseMapper.selectCommunity:] http-nio-8088-exec-9cid - ==>  Preparing: select * from community WHERE name = ? 
2018-05-31 14:55:25.655  [http-nio-8088-exec-9] DEBUG [com.webwangbao.house.biz.mapper.HouseMapper.selectCommunity:] http-nio-8088-exec-9cid - ==> Parameters: (String)
2018-05-31 14:55:25.797  [http-nio-8088-exec-9] DEBUG [com.webwangbao.house.biz.mapper.HouseMapper.selectCommunity:] http-nio-8088-exec-9cid - <==      Total: 0
2018-05-31 14:55:25.805  [http-nio-8088-exec-9] DEBUG [com.webwangbao.house.biz.mapper.HouseMapper.selectPageHouses:] http-nio-8088-exec-9cid - ==>  Preparing: select a.id, a.type, a.name, a.price, a.images, a.area, a.beds, a.baths, a.rating, a.remarks, a.properties, a.floor_plan, a.tags, a.create_time, a.city_id, a.community_id, a.address, a.state from house a WHERE state = 1 and a.type = ? and a.name like ? order by a.create_time desc limit ?,? 
2018-05-31 14:55:25.805  [http-nio-8088-exec-9] DEBUG [com.webwangbao.house.biz.mapper.HouseMapper.selectPageHouses:] http-nio-8088-exec-9cid - ==> Parameters: 1(Integer), %%(String), 0(Integer), 5(Integer)
2018-05-31 14:55:25.827  [http-nio-8088-exec-9] DEBUG [com.webwangbao.house.biz.mapper.HouseMapper.selectPageHouses:] http-nio-8088-exec-9cid - <==      Total: 1
2018-05-31 14:55:25.827  [http-nio-8088-exec-9] DEBUG [com.webwangbao.house.biz.mapper.HouseMapper.selectPageCount:] http-nio-8088-exec-9cid - ==>  Preparing: select count(id) from house a WHERE state = 1 and a.type = ? and a.name like ? 
2018-05-31 14:55:25.827  [http-nio-8088-exec-9] DEBUG [com.webwangbao.house.biz.mapper.HouseMapper.selectPageCount:] http-nio-8088-exec-9cid - ==> Parameters: 1(Integer), %%(String)
2018-05-31 14:55:25.830  [http-nio-8088-exec-9] DEBUG [com.webwangbao.house.biz.mapper.HouseMapper.selectPageCount:] http-nio-8088-exec-9cid - <==      Total: 1
2018-05-31 14:55:25.835  [http-nio-8088-exec-9] DEBUG [com.webwangbao.house.biz.mapper.HouseMapper.selectPageHouses:] http-nio-8088-exec-9cid - ==>  Preparing: select a.id, a.type, a.name, a.price, a.images, a.area, a.beds, a.baths, a.rating, a.remarks, a.properties, a.floor_plan, a.tags, a.create_time, a.city_id, a.community_id, a.address, a.state from house a WHERE state = 1 and a.id in ( ? , ? , ? , ? , ? ) order by a.create_time desc limit ?,? 
2018-05-31 14:55:25.837  [http-nio-8088-exec-9] DEBUG [com.webwangbao.house.biz.mapper.HouseMapper.selectPageHouses:] http-nio-8088-exec-9cid - ==> Parameters: 62(Long), 61(Long), 48(Long), 60(Long), 44(Long), 0(Integer), 5(Integer)
2018-05-31 14:55:25.840  [http-nio-8088-exec-9] DEBUG [com.webwangbao.house.biz.mapper.HouseMapper.selectPageHouses:] http-nio-8088-exec-9cid - <==      Total: 5
2018-05-31 14:55:30.499  [http-nio-8088-exec-2] DEBUG [com.webwangbao.house.biz.mapper.HouseMapper.selectPageHouses:] http-nio-8088-exec-2cid - ==>  Preparing: select a.id, a.type, a.name, a.price, a.images, a.area, a.beds, a.baths, a.rating, a.remarks, a.properties, a.floor_plan, a.tags, a.create_time, a.city_id, a.community_id, a.address, a.state from house a WHERE state = 1 and a.type = ? order by a.create_time desc limit ?,? 
2018-05-31 14:55:30.501  [http-nio-8088-exec-2] DEBUG [com.webwangbao.house.biz.mapper.HouseMapper.selectPageHouses:] http-nio-8088-exec-2cid - ==> Parameters: 1(Integer), 0(Integer), 5(Integer)
2018-05-31 14:55:30.504  [http-nio-8088-exec-2] DEBUG [com.webwangbao.house.biz.mapper.HouseMapper.selectPageHouses:] http-nio-8088-exec-2cid - <==      Total: 5
2018-05-31 14:55:30.504  [http-nio-8088-exec-2] DEBUG [com.webwangbao.house.biz.mapper.HouseMapper.selectPageCount:] http-nio-8088-exec-2cid - ==>  Preparing: select count(id) from house a WHERE state = 1 and a.type = ? 
2018-05-31 14:55:30.504  [http-nio-8088-exec-2] DEBUG [com.webwangbao.house.biz.mapper.HouseMapper.selectPageCount:] http-nio-8088-exec-2cid - ==> Parameters: 1(Integer)
2018-05-31 14:55:30.506  [http-nio-8088-exec-2] DEBUG [com.webwangbao.house.biz.mapper.HouseMapper.selectPageCount:] http-nio-8088-exec-2cid - <==      Total: 1
2018-05-31 14:55:30.509  [http-nio-8088-exec-2] DEBUG [com.webwangbao.house.biz.mapper.HouseMapper.selectPageHouses:] http-nio-8088-exec-2cid - ==>  Preparing: select a.id, a.type, a.name, a.price, a.images, a.area, a.beds, a.baths, a.rating, a.remarks, a.properties, a.floor_plan, a.tags, a.create_time, a.city_id, a.community_id, a.address, a.state from house a WHERE state = 1 and a.id in ( ? , ? , ? , ? , ? ) order by a.create_time desc limit ?,? 
2018-05-31 14:55:30.511  [http-nio-8088-exec-2] DEBUG [com.webwangbao.house.biz.mapper.HouseMapper.selectPageHouses:] http-nio-8088-exec-2cid - ==> Parameters: 62(Long), 61(Long), 48(Long), 60(Long), 44(Long), 0(Integer), 5(Integer)
2018-05-31 14:55:30.514  [http-nio-8088-exec-2] DEBUG [com.webwangbao.house.biz.mapper.HouseMapper.selectPageHouses:] http-nio-8088-exec-2cid - <==      Total: 5
2018-05-31 14:55:33.780  [http-nio-8088-exec-7] DEBUG [com.webwangbao.house.biz.mapper.HouseMapper.selectPageHouses:] http-nio-8088-exec-7cid - ==>  Preparing: select a.id, a.type, a.name, a.price, a.images, a.area, a.beds, a.baths, a.rating, a.remarks, a.properties, a.floor_plan, a.tags, a.create_time, a.city_id, a.community_id, a.address, a.state from house a WHERE state = 1 and a.type = ? order by a.create_time desc limit ?,? 
2018-05-31 14:55:33.780  [http-nio-8088-exec-7] DEBUG [com.webwangbao.house.biz.mapper.HouseMapper.selectPageHouses:] http-nio-8088-exec-7cid - ==> Parameters: 2(Integer), 0(Integer), 5(Integer)
2018-05-31 14:55:33.782  [http-nio-8088-exec-7] DEBUG [com.webwangbao.house.biz.mapper.HouseMapper.selectPageHouses:] http-nio-8088-exec-7cid - <==      Total: 5
2018-05-31 14:55:33.782  [http-nio-8088-exec-7] DEBUG [com.webwangbao.house.biz.mapper.HouseMapper.selectPageCount:] http-nio-8088-exec-7cid - ==>  Preparing: select count(id) from house a WHERE state = 1 and a.type = ? 
2018-05-31 14:55:33.785  [http-nio-8088-exec-7] DEBUG [com.webwangbao.house.biz.mapper.HouseMapper.selectPageCount:] http-nio-8088-exec-7cid - ==> Parameters: 2(Integer)
2018-05-31 14:55:33.785  [http-nio-8088-exec-7] DEBUG [com.webwangbao.house.biz.mapper.HouseMapper.selectPageCount:] http-nio-8088-exec-7cid - <==      Total: 1
2018-05-31 14:55:33.787  [http-nio-8088-exec-7] DEBUG [com.webwangbao.house.biz.mapper.HouseMapper.selectPageHouses:] http-nio-8088-exec-7cid - ==>  Preparing: select a.id, a.type, a.name, a.price, a.images, a.area, a.beds, a.baths, a.rating, a.remarks, a.properties, a.floor_plan, a.tags, a.create_time, a.city_id, a.community_id, a.address, a.state from house a WHERE state = 1 and a.id in ( ? , ? , ? , ? , ? ) order by a.create_time desc limit ?,? 
2018-05-31 14:55:33.790  [http-nio-8088-exec-7] DEBUG [com.webwangbao.house.biz.mapper.HouseMapper.selectPageHouses:] http-nio-8088-exec-7cid - ==> Parameters: 62(Long), 61(Long), 48(Long), 60(Long), 44(Long), 0(Integer), 5(Integer)
2018-05-31 14:55:33.792  [http-nio-8088-exec-7] DEBUG [com.webwangbao.house.biz.mapper.HouseMapper.selectPageHouses:] http-nio-8088-exec-7cid - <==      Total: 5
2018-05-31 14:55:38.786  [http-nio-8088-exec-1] DEBUG [com.webwangbao.house.biz.mapper.AgencyMapper.selectAgent:] http-nio-8088-exec-1cid - ==>  Preparing: select * from user WHERE enable = 1 and type = 2 order by id desc limit ?, ? 
2018-05-31 14:55:38.786  [http-nio-8088-exec-1] DEBUG [com.webwangbao.house.biz.mapper.AgencyMapper.selectAgent:] http-nio-8088-exec-1cid - ==> Parameters: 0(Integer), 6(Integer)
2018-05-31 14:55:38.788  [http-nio-8088-exec-1] DEBUG [com.webwangbao.house.biz.mapper.AgencyMapper.selectAgent:] http-nio-8088-exec-1cid - <==      Total: 6
2018-05-31 14:55:38.788  [http-nio-8088-exec-1] DEBUG [com.webwangbao.house.biz.mapper.AgencyMapper.selectAgentCount:] http-nio-8088-exec-1cid - ==>  Preparing: select count(id) from user WHERE enable =1 and type =2 
2018-05-31 14:55:38.788  [http-nio-8088-exec-1] DEBUG [com.webwangbao.house.biz.mapper.AgencyMapper.selectAgentCount:] http-nio-8088-exec-1cid - ==> Parameters: 
2018-05-31 14:55:38.791  [http-nio-8088-exec-1] DEBUG [com.webwangbao.house.biz.mapper.AgencyMapper.selectAgentCount:] http-nio-8088-exec-1cid - <==      Total: 1
2018-05-31 14:55:38.793  [http-nio-8088-exec-1] DEBUG [com.webwangbao.house.biz.mapper.HouseMapper.selectPageHouses:] http-nio-8088-exec-1cid - ==>  Preparing: select a.id, a.type, a.name, a.price, a.images, a.area, a.beds, a.baths, a.rating, a.remarks, a.properties, a.floor_plan, a.tags, a.create_time, a.city_id, a.community_id, a.address, a.state from house a WHERE state = 1 and a.id in ( ? , ? , ? , ? , ? ) order by a.create_time desc limit ?,? 
2018-05-31 14:55:38.796  [http-nio-8088-exec-1] DEBUG [com.webwangbao.house.biz.mapper.HouseMapper.selectPageHouses:] http-nio-8088-exec-1cid - ==> Parameters: 62(Long), 61(Long), 48(Long), 60(Long), 44(Long), 0(Integer), 5(Integer)
2018-05-31 14:55:38.798  [http-nio-8088-exec-1] DEBUG [com.webwangbao.house.biz.mapper.HouseMapper.selectPageHouses:] http-nio-8088-exec-1cid - <==      Total: 5
2018-05-31 14:55:40.784  [http-nio-8088-exec-6] DEBUG [com.webwangbao.house.biz.mapper.AgencyMapper.selectAgent:] http-nio-8088-exec-6cid - ==>  Preparing: select * from user WHERE enable = 1 and type = 2 and id = ? order by id desc limit ?, ? 
2018-05-31 14:55:40.787  [http-nio-8088-exec-6] DEBUG [com.webwangbao.house.biz.mapper.AgencyMapper.selectAgent:] http-nio-8088-exec-6cid - ==> Parameters: 13(Long), 0(Integer), 1(Integer)
2018-05-31 14:55:40.789  [http-nio-8088-exec-6] DEBUG [com.webwangbao.house.biz.mapper.AgencyMapper.selectAgent:] http-nio-8088-exec-6cid - <==      Total: 1
2018-05-31 14:55:40.789  [http-nio-8088-exec-6] DEBUG [com.webwangbao.house.biz.mapper.AgencyMapper.select:] http-nio-8088-exec-6cid - ==>  Preparing: select id , name, address, phone, email, about_us, mobile, web_site from agency 
2018-05-31 14:55:40.792  [http-nio-8088-exec-6] DEBUG [com.webwangbao.house.biz.mapper.AgencyMapper.select:] http-nio-8088-exec-6cid - ==> Parameters: 
2018-05-31 14:55:40.794  [http-nio-8088-exec-6] DEBUG [com.webwangbao.house.biz.mapper.AgencyMapper.select:] http-nio-8088-exec-6cid - <==      Total: 5
2018-05-31 14:55:40.799  [http-nio-8088-exec-6] DEBUG [com.webwangbao.house.biz.mapper.HouseMapper.selectPageHouses:] http-nio-8088-exec-6cid - ==>  Preparing: select a.id, a.type, a.name, a.price, a.images, a.area, a.beds, a.baths, a.rating, a.remarks, a.properties, a.floor_plan, a.tags, a.create_time, a.city_id, a.community_id, a.address, a.state from house a WHERE state = 1 and a.id in ( ? , ? , ? , ? , ? ) order by a.create_time desc limit ?,? 
2018-05-31 14:55:40.799  [http-nio-8088-exec-6] DEBUG [com.webwangbao.house.biz.mapper.HouseMapper.selectPageHouses:] http-nio-8088-exec-6cid - ==> Parameters: 62(Long), 61(Long), 48(Long), 60(Long), 44(Long), 0(Integer), 5(Integer)
2018-05-31 14:55:40.802  [http-nio-8088-exec-6] DEBUG [com.webwangbao.house.biz.mapper.HouseMapper.selectPageHouses:] http-nio-8088-exec-6cid - <==      Total: 5
2018-05-31 14:55:40.804  [http-nio-8088-exec-6] DEBUG [com.webwangbao.house.biz.mapper.HouseMapper.selectPageHouses:] http-nio-8088-exec-6cid - ==>  Preparing: select a.id, a.type, a.name, a.price, a.images, a.area, a.beds, a.baths, a.rating, a.remarks, a.properties, a.floor_plan, a.tags, a.create_time, a.city_id, a.community_id, a.address, a.state from house a inner join (select house_id,user_id from house_user WHERE user_id = ? and type =1 ) b on a.id = b.house_id WHERE state = 1 order by a.create_time desc limit ?,? 
2018-05-31 14:55:40.804  [http-nio-8088-exec-6] DEBUG [com.webwangbao.house.biz.mapper.HouseMapper.selectPageHouses:] http-nio-8088-exec-6cid - ==> Parameters: 13(Long), 0(Integer), 3(Integer)
2018-05-31 14:55:40.807  [http-nio-8088-exec-6] DEBUG [com.webwangbao.house.biz.mapper.HouseMapper.selectPageHouses:] http-nio-8088-exec-6cid - <==      Total: 1
2018-05-31 14:55:40.807  [http-nio-8088-exec-6] DEBUG [com.webwangbao.house.biz.mapper.HouseMapper.selectPageCount:] http-nio-8088-exec-6cid - ==>  Preparing: select count(id) from house a inner join (select house_id,user_id from house_user WHERE user_id = ? and type =1 ) b on a.id = b.house_id WHERE state = 1 
2018-05-31 14:55:40.809  [http-nio-8088-exec-6] DEBUG [com.webwangbao.house.biz.mapper.HouseMapper.selectPageCount:] http-nio-8088-exec-6cid - ==> Parameters: 13(Long)
2018-05-31 14:55:40.809  [http-nio-8088-exec-6] DEBUG [com.webwangbao.house.biz.mapper.HouseMapper.selectPageCount:] http-nio-8088-exec-6cid - <==      Total: 1
2018-05-31 14:55:47.098  [http-nio-8088-exec-10] DEBUG [com.webwangbao.house.biz.mapper.BlogMapper.selectBlog:] http-nio-8088-exec-10cid - ==>  Preparing: select id,tags ,content,create_time,title from blog a order by a.create_time desc limit ?, ? 
2018-05-31 14:55:47.098  [http-nio-8088-exec-10] DEBUG [com.webwangbao.house.biz.mapper.BlogMapper.selectBlog:] http-nio-8088-exec-10cid - ==> Parameters: 0(Integer), 5(Integer)
2018-05-31 14:55:47.100  [http-nio-8088-exec-10] DEBUG [com.webwangbao.house.biz.mapper.BlogMapper.selectBlog:] http-nio-8088-exec-10cid - <==      Total: 5
2018-05-31 14:55:47.108  [http-nio-8088-exec-10] DEBUG [com.webwangbao.house.biz.mapper.BlogMapper.selectBlogCount:] http-nio-8088-exec-10cid - ==>  Preparing: select count(id) from blog a order by a.create_time desc 
2018-05-31 14:55:47.108  [http-nio-8088-exec-10] DEBUG [com.webwangbao.house.biz.mapper.BlogMapper.selectBlogCount:] http-nio-8088-exec-10cid - ==> Parameters: 
2018-05-31 14:55:47.110  [http-nio-8088-exec-10] DEBUG [com.webwangbao.house.biz.mapper.BlogMapper.selectBlogCount:] http-nio-8088-exec-10cid - <==      Total: 1
2018-05-31 14:55:47.113  [http-nio-8088-exec-10] DEBUG [com.webwangbao.house.biz.mapper.HouseMapper.selectPageHouses:] http-nio-8088-exec-10cid - ==>  Preparing: select a.id, a.type, a.name, a.price, a.images, a.area, a.beds, a.baths, a.rating, a.remarks, a.properties, a.floor_plan, a.tags, a.create_time, a.city_id, a.community_id, a.address, a.state from house a WHERE state = 1 and a.id in ( ? , ? , ? , ? , ? ) order by a.create_time desc limit ?,? 
2018-05-31 14:55:47.115  [http-nio-8088-exec-10] DEBUG [com.webwangbao.house.biz.mapper.HouseMapper.selectPageHouses:] http-nio-8088-exec-10cid - ==> Parameters: 62(Long), 61(Long), 48(Long), 60(Long), 44(Long), 0(Integer), 5(Integer)
2018-05-31 14:55:47.118  [http-nio-8088-exec-10] DEBUG [com.webwangbao.house.biz.mapper.HouseMapper.selectPageHouses:] http-nio-8088-exec-10cid - <==      Total: 5
2018-05-31 14:55:56.501  [http-nio-8088-exec-2] DEBUG [com.webwangbao.house.biz.mapper.BlogMapper.selectBlog:] http-nio-8088-exec-2cid - ==>  Preparing: select id,tags ,content,create_time,title from blog a WHERE id = ? order by a.create_time desc limit ?, ? 
2018-05-31 14:55:56.504  [http-nio-8088-exec-2] DEBUG [com.webwangbao.house.biz.mapper.BlogMapper.selectBlog:] http-nio-8088-exec-2cid - ==> Parameters: 1(Integer), 0(Integer), 1(Integer)
2018-05-31 14:55:56.506  [http-nio-8088-exec-2] DEBUG [com.webwangbao.house.biz.mapper.BlogMapper.selectBlog:] http-nio-8088-exec-2cid - <==      Total: 1
2018-05-31 14:55:56.506  [http-nio-8088-exec-2] DEBUG [com.webwangbao.house.biz.mapper.CommentMapper.selectBlogComments:] http-nio-8088-exec-2cid - ==>  Preparing: select id, content, house_id, create_time, blog_id, type, user_id from comment where type =2 and blog_id = ? order by create_time desc limit ? 
2018-05-31 14:55:56.506  [http-nio-8088-exec-2] DEBUG [com.webwangbao.house.biz.mapper.CommentMapper.selectBlogComments:] http-nio-8088-exec-2cid - ==> Parameters: 1(Long), 8(Integer)
2018-05-31 14:55:56.511  [http-nio-8088-exec-2] DEBUG [com.webwangbao.house.biz.mapper.CommentMapper.selectBlogComments:] http-nio-8088-exec-2cid - <==      Total: 5
2018-05-31 14:55:56.511  [http-nio-8088-exec-2] DEBUG [com.webwangbao.house.biz.mapper.UserMapper.selectUsersByQuery:] http-nio-8088-exec-2cid - ==>  Preparing: select * from user WHERE id = ? 
2018-05-31 14:55:56.511  [http-nio-8088-exec-2] DEBUG [com.webwangbao.house.biz.mapper.UserMapper.selectUsersByQuery:] http-nio-8088-exec-2cid - ==> Parameters: 14(Long)
2018-05-31 14:55:56.514  [http-nio-8088-exec-2] DEBUG [com.webwangbao.house.biz.mapper.UserMapper.selectUsersByQuery:] http-nio-8088-exec-2cid - <==      Total: 1
2018-05-31 14:55:56.514  [http-nio-8088-exec-2] DEBUG [com.webwangbao.house.biz.mapper.UserMapper.selectUsersByQuery:] http-nio-8088-exec-2cid - ==>  Preparing: select * from user WHERE id = ? 
2018-05-31 14:55:56.514  [http-nio-8088-exec-2] DEBUG [com.webwangbao.house.biz.mapper.UserMapper.selectUsersByQuery:] http-nio-8088-exec-2cid - ==> Parameters: 14(Long)
2018-05-31 14:55:56.514  [http-nio-8088-exec-2] DEBUG [com.webwangbao.house.biz.mapper.UserMapper.selectUsersByQuery:] http-nio-8088-exec-2cid - <==      Total: 1
2018-05-31 14:55:56.516  [http-nio-8088-exec-2] DEBUG [com.webwangbao.house.biz.mapper.UserMapper.selectUsersByQuery:] http-nio-8088-exec-2cid - ==>  Preparing: select * from user WHERE id = ? 
2018-05-31 14:55:56.516  [http-nio-8088-exec-2] DEBUG [com.webwangbao.house.biz.mapper.UserMapper.selectUsersByQuery:] http-nio-8088-exec-2cid - ==> Parameters: 13(Long)
2018-05-31 14:55:56.516  [http-nio-8088-exec-2] DEBUG [com.webwangbao.house.biz.mapper.UserMapper.selectUsersByQuery:] http-nio-8088-exec-2cid - <==      Total: 1
2018-05-31 14:55:56.516  [http-nio-8088-exec-2] DEBUG [com.webwangbao.house.biz.mapper.UserMapper.selectUsersByQuery:] http-nio-8088-exec-2cid - ==>  Preparing: select * from user WHERE id = ? 
2018-05-31 14:55:56.516  [http-nio-8088-exec-2] DEBUG [com.webwangbao.house.biz.mapper.UserMapper.selectUsersByQuery:] http-nio-8088-exec-2cid - ==> Parameters: 9(Long)
2018-05-31 14:55:56.519  [http-nio-8088-exec-2] DEBUG [com.webwangbao.house.biz.mapper.UserMapper.selectUsersByQuery:] http-nio-8088-exec-2cid - <==      Total: 1
2018-05-31 14:55:56.519  [http-nio-8088-exec-2] DEBUG [com.webwangbao.house.biz.mapper.UserMapper.selectUsersByQuery:] http-nio-8088-exec-2cid - ==>  Preparing: select * from user WHERE id = ? 
2018-05-31 14:55:56.519  [http-nio-8088-exec-2] DEBUG [com.webwangbao.house.biz.mapper.UserMapper.selectUsersByQuery:] http-nio-8088-exec-2cid - ==> Parameters: 4(Long)
2018-05-31 14:55:56.519  [http-nio-8088-exec-2] DEBUG [com.webwangbao.house.biz.mapper.UserMapper.selectUsersByQuery:] http-nio-8088-exec-2cid - <==      Total: 1
2018-05-31 14:55:56.524  [http-nio-8088-exec-2] DEBUG [com.webwangbao.house.biz.mapper.HouseMapper.selectPageHouses:] http-nio-8088-exec-2cid - ==>  Preparing: select a.id, a.type, a.name, a.price, a.images, a.area, a.beds, a.baths, a.rating, a.remarks, a.properties, a.floor_plan, a.tags, a.create_time, a.city_id, a.community_id, a.address, a.state from house a WHERE state = 1 and a.id in ( ? , ? , ? , ? , ? ) order by a.create_time desc limit ?,? 
2018-05-31 14:55:56.524  [http-nio-8088-exec-2] DEBUG [com.webwangbao.house.biz.mapper.HouseMapper.selectPageHouses:] http-nio-8088-exec-2cid - ==> Parameters: 62(Long), 61(Long), 48(Long), 60(Long), 44(Long), 0(Integer), 5(Integer)
2018-05-31 14:55:56.526  [http-nio-8088-exec-2] DEBUG [com.webwangbao.house.biz.mapper.HouseMapper.selectPageHouses:] http-nio-8088-exec-2cid - <==      Total: 5
2018-05-31 14:56:04.943  [http-nio-8088-exec-7] DEBUG [com.webwangbao.house.biz.mapper.AgencyMapper.select:] http-nio-8088-exec-7cid - ==>  Preparing: select id , name, address, phone, email, about_us, mobile, web_site from agency 
2018-05-31 14:56:04.943  [http-nio-8088-exec-7] DEBUG [com.webwangbao.house.biz.mapper.AgencyMapper.select:] http-nio-8088-exec-7cid - ==> Parameters: 
2018-05-31 14:56:04.946  [http-nio-8088-exec-7] DEBUG [com.webwangbao.house.biz.mapper.AgencyMapper.select:] http-nio-8088-exec-7cid - <==      Total: 5
2018-05-31 14:56:21.589  [http-nio-8088-exec-4] DEBUG [com.webwangbao.house.biz.mapper.UserMapper.getEmail:] http-nio-8088-exec-4cid - ==>  Preparing: select email from user where email = ? 
2018-05-31 14:56:21.591  [http-nio-8088-exec-4] DEBUG [com.webwangbao.house.biz.mapper.UserMapper.getEmail:] http-nio-8088-exec-4cid - ==> Parameters: webwangbao@163.com(String)
2018-05-31 14:56:21.631  [http-nio-8088-exec-4] DEBUG [com.webwangbao.house.biz.mapper.UserMapper.getEmail:] http-nio-8088-exec-4cid - <==      Total: 1
2018-05-31 14:56:34.467  [http-nio-8088-exec-2] DEBUG [com.webwangbao.house.biz.mapper.UserMapper.selectUsersByQuery:] http-nio-8088-exec-2cid - ==>  Preparing: select * from user WHERE email = ? and passwd = ? and enable = ? 
2018-05-31 14:56:34.470  [http-nio-8088-exec-2] DEBUG [com.webwangbao.house.biz.mapper.UserMapper.selectUsersByQuery:] http-nio-8088-exec-2cid - ==> Parameters: webwangbao@163.com(String), 1bab6a230b76391dff9ebc740cbcf0c9(String), 1(Integer)
2018-05-31 14:56:34.472  [http-nio-8088-exec-2] DEBUG [com.webwangbao.house.biz.mapper.UserMapper.selectUsersByQuery:] http-nio-8088-exec-2cid - <==      Total: 1
2018-05-31 14:56:34.490  [http-nio-8088-exec-8] DEBUG [com.webwangbao.house.biz.mapper.HouseMapper.selectPageHouses:] http-nio-8088-exec-8cid - ==>  Preparing: select a.id, a.type, a.name, a.price, a.images, a.area, a.beds, a.baths, a.rating, a.remarks, a.properties, a.floor_plan, a.tags, a.create_time, a.city_id, a.community_id, a.address, a.state from house a WHERE state = 1 order by a.create_time desc limit ?,? 
2018-05-31 14:56:34.492  [http-nio-8088-exec-8] DEBUG [com.webwangbao.house.biz.mapper.HouseMapper.selectPageHouses:] http-nio-8088-exec-8cid - ==> Parameters: 0(Integer), 8(Integer)
2018-05-31 14:56:34.495  [http-nio-8088-exec-8] DEBUG [com.webwangbao.house.biz.mapper.HouseMapper.selectPageHouses:] http-nio-8088-exec-8cid - <==      Total: 8
2018-05-31 14:56:47.015  [http-nio-8088-exec-6] DEBUG [com.webwangbao.house.biz.mapper.HouseMapper.selectCommunity:] http-nio-8088-exec-6cid - ==>  Preparing: select * from community 
2018-05-31 14:56:47.015  [http-nio-8088-exec-6] DEBUG [com.webwangbao.house.biz.mapper.HouseMapper.selectCommunity:] http-nio-8088-exec-6cid - ==> Parameters: 
2018-05-31 14:56:47.018  [http-nio-8088-exec-6] DEBUG [com.webwangbao.house.biz.mapper.HouseMapper.selectCommunity:] http-nio-8088-exec-6cid - <==      Total: 7
2018-05-31 14:57:02.017  [http-nio-8088-exec-9] DEBUG [com.webwangbao.house.biz.mapper.HouseMapper.selectPageHouses:] http-nio-8088-exec-9cid - ==>  Preparing: select a.id, a.type, a.name, a.price, a.images, a.area, a.beds, a.baths, a.rating, a.remarks, a.properties, a.floor_plan, a.tags, a.create_time, a.city_id, a.community_id, a.address, a.state from house a WHERE state = 1 order by a.create_time desc limit ?,? 
2018-05-31 14:57:02.017  [http-nio-8088-exec-9] DEBUG [com.webwangbao.house.biz.mapper.HouseMapper.selectPageHouses:] http-nio-8088-exec-9cid - ==> Parameters: 0(Integer), 8(Integer)
2018-05-31 14:57:02.022  [http-nio-8088-exec-9] DEBUG [com.webwangbao.house.biz.mapper.HouseMapper.selectPageHouses:] http-nio-8088-exec-9cid - <==      Total: 8
2018-05-31 14:57:03.529  [http-nio-8088-exec-2] DEBUG [com.webwangbao.house.biz.mapper.HouseMapper.selectPageHouses:] http-nio-8088-exec-2cid - ==>  Preparing: select a.id, a.type, a.name, a.price, a.images, a.area, a.beds, a.baths, a.rating, a.remarks, a.properties, a.floor_plan, a.tags, a.create_time, a.city_id, a.community_id, a.address, a.state from house a WHERE state = 1 and a.id = ? order by a.create_time desc limit ?,? 
2018-05-31 14:57:03.529  [http-nio-8088-exec-2] DEBUG [com.webwangbao.house.biz.mapper.HouseMapper.selectPageHouses:] http-nio-8088-exec-2cid - ==> Parameters: 62(Long), 0(Integer), 1(Integer)
2018-05-31 14:57:03.532  [http-nio-8088-exec-2] DEBUG [com.webwangbao.house.biz.mapper.HouseMapper.selectPageHouses:] http-nio-8088-exec-2cid - <==      Total: 1
2018-05-31 14:57:03.534  [http-nio-8088-exec-2] DEBUG [com.webwangbao.house.biz.mapper.HouseMapper.selectSaleHouseUser:] http-nio-8088-exec-2cid - ==>  Preparing: select id,house_id,user_id,create_time,type from house_user where house_id = ? and type = 1 limit 1 
2018-05-31 14:57:03.534  [http-nio-8088-exec-2] DEBUG [com.webwangbao.house.biz.mapper.HouseMapper.selectSaleHouseUser:] http-nio-8088-exec-2cid - ==> Parameters: 62(Long)
2018-05-31 14:57:03.534  [http-nio-8088-exec-2] DEBUG [com.webwangbao.house.biz.mapper.HouseMapper.selectSaleHouseUser:] http-nio-8088-exec-2cid - <==      Total: 1
2018-05-31 14:57:03.537  [http-nio-8088-exec-2] DEBUG [com.webwangbao.house.biz.mapper.CommentMapper.selectComments:] http-nio-8088-exec-2cid - ==>  Preparing: select id, content, house_id, create_time, blog_id, type, user_id from comment where type =1 and house_id = ? order by create_time desc limit ? 
2018-05-31 14:57:03.539  [http-nio-8088-exec-2] DEBUG [com.webwangbao.house.biz.mapper.CommentMapper.selectComments:] http-nio-8088-exec-2cid - ==> Parameters: 62(Long), 8(Integer)
2018-05-31 14:57:03.539  [http-nio-8088-exec-2] DEBUG [com.webwangbao.house.biz.mapper.CommentMapper.selectComments:] http-nio-8088-exec-2cid - <==      Total: 3
2018-05-31 14:57:03.539  [http-nio-8088-exec-2] DEBUG [com.webwangbao.house.biz.mapper.UserMapper.selectUsersByQuery:] http-nio-8088-exec-2cid - ==>  Preparing: select * from user WHERE id = ? 
2018-05-31 14:57:03.539  [http-nio-8088-exec-2] DEBUG [com.webwangbao.house.biz.mapper.UserMapper.selectUsersByQuery:] http-nio-8088-exec-2cid - ==> Parameters: 12(Long)
2018-05-31 14:57:03.542  [http-nio-8088-exec-2] DEBUG [com.webwangbao.house.biz.mapper.UserMapper.selectUsersByQuery:] http-nio-8088-exec-2cid - <==      Total: 1
2018-05-31 14:57:03.542  [http-nio-8088-exec-2] DEBUG [com.webwangbao.house.biz.mapper.UserMapper.selectUsersByQuery:] http-nio-8088-exec-2cid - ==>  Preparing: select * from user WHERE id = ? 
2018-05-31 14:57:03.542  [http-nio-8088-exec-2] DEBUG [com.webwangbao.house.biz.mapper.UserMapper.selectUsersByQuery:] http-nio-8088-exec-2cid - ==> Parameters: 14(Long)
2018-05-31 14:57:03.542  [http-nio-8088-exec-2] DEBUG [com.webwangbao.house.biz.mapper.UserMapper.selectUsersByQuery:] http-nio-8088-exec-2cid - <==      Total: 1
2018-05-31 14:57:03.542  [http-nio-8088-exec-2] DEBUG [com.webwangbao.house.biz.mapper.UserMapper.selectUsersByQuery:] http-nio-8088-exec-2cid - ==>  Preparing: select * from user WHERE id = ? 
2018-05-31 14:57:03.542  [http-nio-8088-exec-2] DEBUG [com.webwangbao.house.biz.mapper.UserMapper.selectUsersByQuery:] http-nio-8088-exec-2cid - ==> Parameters: 14(Long)
2018-05-31 14:57:03.544  [http-nio-8088-exec-2] DEBUG [com.webwangbao.house.biz.mapper.UserMapper.selectUsersByQuery:] http-nio-8088-exec-2cid - <==      Total: 1
2018-05-31 14:57:03.544  [http-nio-8088-exec-2] DEBUG [com.webwangbao.house.biz.mapper.AgencyMapper.selectAgent:] http-nio-8088-exec-2cid - ==>  Preparing: select * from user WHERE enable = 1 and type = 2 and id = ? order by id desc limit ?, ? 
2018-05-31 14:57:03.544  [http-nio-8088-exec-2] DEBUG [com.webwangbao.house.biz.mapper.AgencyMapper.selectAgent:] http-nio-8088-exec-2cid - ==> Parameters: 12(Long), 0(Integer), 1(Integer)
2018-05-31 14:57:03.544  [http-nio-8088-exec-2] DEBUG [com.webwangbao.house.biz.mapper.AgencyMapper.selectAgent:] http-nio-8088-exec-2cid - <==      Total: 1
2018-05-31 14:57:03.544  [http-nio-8088-exec-2] DEBUG [com.webwangbao.house.biz.mapper.AgencyMapper.select:] http-nio-8088-exec-2cid - ==>  Preparing: select id , name, address, phone, email, about_us, mobile, web_site from agency 
2018-05-31 14:57:03.544  [http-nio-8088-exec-2] DEBUG [com.webwangbao.house.biz.mapper.AgencyMapper.select:] http-nio-8088-exec-2cid - ==> Parameters: 
2018-05-31 14:57:03.547  [http-nio-8088-exec-2] DEBUG [com.webwangbao.house.biz.mapper.AgencyMapper.select:] http-nio-8088-exec-2cid - <==      Total: 5
2018-05-31 14:57:03.552  [http-nio-8088-exec-2] DEBUG [com.webwangbao.house.biz.mapper.HouseMapper.selectPageHouses:] http-nio-8088-exec-2cid - ==>  Preparing: select a.id, a.type, a.name, a.price, a.images, a.area, a.beds, a.baths, a.rating, a.remarks, a.properties, a.floor_plan, a.tags, a.create_time, a.city_id, a.community_id, a.address, a.state from house a WHERE state = 1 and a.id in ( ? , ? , ? , ? , ? ) order by a.create_time desc limit ?,? 
2018-05-31 14:57:03.552  [http-nio-8088-exec-2] DEBUG [com.webwangbao.house.biz.mapper.HouseMapper.selectPageHouses:] http-nio-8088-exec-2cid - ==> Parameters: 62(Long), 61(Long), 48(Long), 60(Long), 44(Long), 0(Integer), 5(Integer)
2018-05-31 14:57:03.557  [http-nio-8088-exec-2] DEBUG [com.webwangbao.house.biz.mapper.HouseMapper.selectPageHouses:] http-nio-8088-exec-2cid - <==      Total: 5
2018-05-31 14:57:04.783  [http-nio-8088-exec-8] DEBUG [com.webwangbao.house.biz.mapper.HouseMapper.selectHouseUser:] http-nio-8088-exec-8cid - ==>  Preparing: select id,house_id,user_id,create_time,type from house_user where house_id = ? and user_id = ? and type = ? 
2018-05-31 14:57:04.783  [http-nio-8088-exec-8] DEBUG [com.webwangbao.house.biz.mapper.HouseMapper.selectHouseUser:] http-nio-8088-exec-8cid - ==> Parameters: 62(Long), 14(Long), 2(Integer)
2018-05-31 14:57:04.783  [http-nio-8088-exec-8] DEBUG [com.webwangbao.house.biz.mapper.HouseMapper.selectHouseUser:] http-nio-8088-exec-8cid - <==      Total: 1
2018-05-31 14:57:08.006  [http-nio-8088-exec-1] DEBUG [com.webwangbao.house.biz.mapper.HouseMapper.getOwnHouseList:] http-nio-8088-exec-1cid - ==>  Preparing: select a.id, a.type, a.name, a.price, a.images, a.area, a.beds, a.baths, a.rating, a.remarks, a.properties, a.floor_plan, a.tags, a.create_time, a.city_id, a.community_id, a.address, a.state from house a inner join (select house_id,user_id from house_user WHERE user_id = ? and type =1 ) b on a.id = b.house_id WHERE 1=1 order by a.create_time desc limit ?,? 
2018-05-31 14:57:08.006  [http-nio-8088-exec-1] DEBUG [com.webwangbao.house.biz.mapper.HouseMapper.getOwnHouseList:] http-nio-8088-exec-1cid - ==> Parameters: 14(Long), 0(Integer), 5(Integer)
2018-05-31 14:57:08.009  [http-nio-8088-exec-1] DEBUG [com.webwangbao.house.biz.mapper.HouseMapper.getOwnHouseList:] http-nio-8088-exec-1cid - <==      Total: 5
2018-05-31 14:57:08.011  [http-nio-8088-exec-1] DEBUG [com.webwangbao.house.biz.mapper.HouseMapper.selectPageCount:] http-nio-8088-exec-1cid - ==>  Preparing: select count(id) from house a inner join (select house_id,user_id from house_user WHERE user_id = ? and type =1 ) b on a.id = b.house_id WHERE state = 1 
2018-05-31 14:57:08.011  [http-nio-8088-exec-1] DEBUG [com.webwangbao.house.biz.mapper.HouseMapper.selectPageCount:] http-nio-8088-exec-1cid - ==> Parameters: 14(Long)
2018-05-31 14:57:08.014  [http-nio-8088-exec-1] DEBUG [com.webwangbao.house.biz.mapper.HouseMapper.selectPageCount:] http-nio-8088-exec-1cid - <==      Total: 1
2018-05-31 14:57:11.774  [http-nio-8088-exec-4] DEBUG [com.webwangbao.house.biz.mapper.HouseMapper.getOwnHouseList:] http-nio-8088-exec-4cid - ==>  Preparing: select a.id, a.type, a.name, a.price, a.images, a.area, a.beds, a.baths, a.rating, a.remarks, a.properties, a.floor_plan, a.tags, a.create_time, a.city_id, a.community_id, a.address, a.state from house a inner join (select house_id,user_id from house_user WHERE user_id = ? and type =1 ) b on a.id = b.house_id WHERE 1=1 order by a.create_time desc limit ?,? 
2018-05-31 14:57:11.774  [http-nio-8088-exec-4] DEBUG [com.webwangbao.house.biz.mapper.HouseMapper.getOwnHouseList:] http-nio-8088-exec-4cid - ==> Parameters: 14(Long), 0(Integer), 5(Integer)
2018-05-31 14:57:11.777  [http-nio-8088-exec-4] DEBUG [com.webwangbao.house.biz.mapper.HouseMapper.getOwnHouseList:] http-nio-8088-exec-4cid - <==      Total: 5
2018-05-31 14:57:11.777  [http-nio-8088-exec-4] DEBUG [com.webwangbao.house.biz.mapper.HouseMapper.selectPageCount:] http-nio-8088-exec-4cid - ==>  Preparing: select count(id) from house a inner join (select house_id,user_id from house_user WHERE user_id = ? and type =1 ) b on a.id = b.house_id WHERE state = 1 
2018-05-31 14:57:11.779  [http-nio-8088-exec-4] DEBUG [com.webwangbao.house.biz.mapper.HouseMapper.selectPageCount:] http-nio-8088-exec-4cid - ==> Parameters: 14(Long)
2018-05-31 14:57:11.779  [http-nio-8088-exec-4] DEBUG [com.webwangbao.house.biz.mapper.HouseMapper.selectPageCount:] http-nio-8088-exec-4cid - <==      Total: 1
2018-05-31 14:57:16.638  [http-nio-8088-exec-5] DEBUG [com.webwangbao.house.biz.mapper.HouseMapper.downHouse:] http-nio-8088-exec-5cid - ==>  Preparing: update house set state = 2 where id = ? 
2018-05-31 14:57:16.681  [http-nio-8088-exec-5] DEBUG [com.webwangbao.house.biz.mapper.HouseMapper.downHouse:] http-nio-8088-exec-5cid - ==> Parameters: 48(Long)
2018-05-31 14:57:17.518  [http-nio-8088-exec-5] DEBUG [com.webwangbao.house.biz.mapper.HouseMapper.downHouse:] http-nio-8088-exec-5cid - <==    Updates: 1
2018-05-31 14:57:17.541  [http-nio-8088-exec-9] DEBUG [com.webwangbao.house.biz.mapper.HouseMapper.getOwnHouseList:] http-nio-8088-exec-9cid - ==>  Preparing: select a.id, a.type, a.name, a.price, a.images, a.area, a.beds, a.baths, a.rating, a.remarks, a.properties, a.floor_plan, a.tags, a.create_time, a.city_id, a.community_id, a.address, a.state from house a inner join (select house_id,user_id from house_user WHERE user_id = ? and type =1 ) b on a.id = b.house_id WHERE 1=1 order by a.create_time desc limit ?,? 
2018-05-31 14:57:17.543  [http-nio-8088-exec-9] DEBUG [com.webwangbao.house.biz.mapper.HouseMapper.getOwnHouseList:] http-nio-8088-exec-9cid - ==> Parameters: 14(Long), 0(Integer), 5(Integer)
2018-05-31 14:57:17.546  [http-nio-8088-exec-9] DEBUG [com.webwangbao.house.biz.mapper.HouseMapper.getOwnHouseList:] http-nio-8088-exec-9cid - <==      Total: 5
2018-05-31 14:57:17.546  [http-nio-8088-exec-9] DEBUG [com.webwangbao.house.biz.mapper.HouseMapper.selectPageCount:] http-nio-8088-exec-9cid - ==>  Preparing: select count(id) from house a inner join (select house_id,user_id from house_user WHERE user_id = ? and type =1 ) b on a.id = b.house_id WHERE state = 1 
2018-05-31 14:57:17.548  [http-nio-8088-exec-9] DEBUG [com.webwangbao.house.biz.mapper.HouseMapper.selectPageCount:] http-nio-8088-exec-9cid - ==> Parameters: 14(Long)
2018-05-31 14:57:17.578  [http-nio-8088-exec-9] DEBUG [com.webwangbao.house.biz.mapper.HouseMapper.selectPageCount:] http-nio-8088-exec-9cid - <==      Total: 1
2018-05-31 14:57:19.308  [http-nio-8088-exec-8] DEBUG [com.webwangbao.house.biz.mapper.HouseMapper.upHouse:] http-nio-8088-exec-8cid - ==>  Preparing: update house set state = 1 where id = ? 
2018-05-31 14:57:19.308  [http-nio-8088-exec-8] DEBUG [com.webwangbao.house.biz.mapper.HouseMapper.upHouse:] http-nio-8088-exec-8cid - ==> Parameters: 48(Long)
2018-05-31 14:57:19.370  [http-nio-8088-exec-8] DEBUG [com.webwangbao.house.biz.mapper.HouseMapper.upHouse:] http-nio-8088-exec-8cid - <==    Updates: 1
2018-05-31 14:57:19.380  [http-nio-8088-exec-7] DEBUG [com.webwangbao.house.biz.mapper.HouseMapper.getOwnHouseList:] http-nio-8088-exec-7cid - ==>  Preparing: select a.id, a.type, a.name, a.price, a.images, a.area, a.beds, a.baths, a.rating, a.remarks, a.properties, a.floor_plan, a.tags, a.create_time, a.city_id, a.community_id, a.address, a.state from house a inner join (select house_id,user_id from house_user WHERE user_id = ? and type =1 ) b on a.id = b.house_id WHERE 1=1 order by a.create_time desc limit ?,? 
2018-05-31 14:57:19.380  [http-nio-8088-exec-7] DEBUG [com.webwangbao.house.biz.mapper.HouseMapper.getOwnHouseList:] http-nio-8088-exec-7cid - ==> Parameters: 14(Long), 0(Integer), 5(Integer)
2018-05-31 14:57:19.385  [http-nio-8088-exec-7] DEBUG [com.webwangbao.house.biz.mapper.HouseMapper.getOwnHouseList:] http-nio-8088-exec-7cid - <==      Total: 5
2018-05-31 14:57:19.388  [http-nio-8088-exec-7] DEBUG [com.webwangbao.house.biz.mapper.HouseMapper.selectPageCount:] http-nio-8088-exec-7cid - ==>  Preparing: select count(id) from house a inner join (select house_id,user_id from house_user WHERE user_id = ? and type =1 ) b on a.id = b.house_id WHERE state = 1 
2018-05-31 14:57:19.388  [http-nio-8088-exec-7] DEBUG [com.webwangbao.house.biz.mapper.HouseMapper.selectPageCount:] http-nio-8088-exec-7cid - ==> Parameters: 14(Long)
2018-05-31 14:57:19.388  [http-nio-8088-exec-7] DEBUG [com.webwangbao.house.biz.mapper.HouseMapper.selectPageCount:] http-nio-8088-exec-7cid - <==      Total: 1
2018-05-31 14:57:20.935  [http-nio-8088-exec-3] DEBUG [com.webwangbao.house.biz.mapper.HouseMapper.getOwnHouseList:] http-nio-8088-exec-3cid - ==>  Preparing: select a.id, a.type, a.name, a.price, a.images, a.area, a.beds, a.baths, a.rating, a.remarks, a.properties, a.floor_plan, a.tags, a.create_time, a.city_id, a.community_id, a.address, a.state from house a inner join (select house_id,user_id from house_user WHERE user_id = ? and type = 2 ) b on a.id = b.house_id WHERE 1=1 order by a.create_time desc limit ?,? 
2018-05-31 14:57:20.938  [http-nio-8088-exec-3] DEBUG [com.webwangbao.house.biz.mapper.HouseMapper.getOwnHouseList:] http-nio-8088-exec-3cid - ==> Parameters: 14(Long), 0(Integer), 5(Integer)
2018-05-31 14:57:20.940  [http-nio-8088-exec-3] DEBUG [com.webwangbao.house.biz.mapper.HouseMapper.getOwnHouseList:] http-nio-8088-exec-3cid - <==      Total: 2
2018-05-31 14:57:20.940  [http-nio-8088-exec-3] DEBUG [com.webwangbao.house.biz.mapper.HouseMapper.selectPageCount:] http-nio-8088-exec-3cid - ==>  Preparing: select count(id) from house a inner join (select house_id,user_id from house_user WHERE user_id = ? and type = 2 ) b on a.id = b.house_id WHERE state = 1 
2018-05-31 14:57:20.940  [http-nio-8088-exec-3] DEBUG [com.webwangbao.house.biz.mapper.HouseMapper.selectPageCount:] http-nio-8088-exec-3cid - ==> Parameters: 14(Long)
2018-05-31 14:57:20.943  [http-nio-8088-exec-3] DEBUG [com.webwangbao.house.biz.mapper.HouseMapper.selectPageCount:] http-nio-8088-exec-3cid - <==      Total: 1
